27-Jun-2022 10:59:47.628 INFORMACIÓN [main] org.apache.catalina.startup.VersionLoggerListener.log Nombre de la versión del servidor: Apache Tomcat/9.0.64
27-Jun-2022 10:59:47.681 INFORMACIÓN [main] org.apache.catalina.startup.VersionLoggerListener.log Server built:                      Jun 2 2022 19:08:46 UTC
27-Jun-2022 10:59:47.712 INFORMACIÓN [main] org.apache.catalina.startup.VersionLoggerListener.log Número de versión de servidor:     9.0.64.0
27-Jun-2022 10:59:47.712 INFORMACIÓN [main] org.apache.catalina.startup.VersionLoggerListener.log OS Name:                           Windows 10
27-Jun-2022 10:59:47.712 INFORMACIÓN [main] org.apache.catalina.startup.VersionLoggerListener.log Versión de Systema Operativo:      10.0
27-Jun-2022 10:59:47.712 INFORMACIÓN [main] org.apache.catalina.startup.VersionLoggerListener.log Arquitectura:                      amd64
27-Jun-2022 10:59:47.712 INFORMACIÓN [main] org.apache.catalina.startup.VersionLoggerListener.log Java Home:                         C:\Program Files\Java\jdk1.8.0_111\jre
27-Jun-2022 10:59:47.713 INFORMACIÓN [main] org.apache.catalina.startup.VersionLoggerListener.log JVM Version:                       1.8.0_111-b14
27-Jun-2022 10:59:47.713 INFORMACIÓN [main] org.apache.catalina.startup.VersionLoggerListener.log Vededor JVM:                       Oracle Corporation
27-Jun-2022 10:59:47.713 INFORMACIÓN [main] org.apache.catalina.startup.VersionLoggerListener.log CATALINA_BASE:                     C:\xampp\htdocs\ejemplos.com\JAVA\Tomcats\apache-tomcat-9.0.64
27-Jun-2022 10:59:47.713 INFORMACIÓN [main] org.apache.catalina.startup.VersionLoggerListener.log CATALINA_HOME:                     C:\xampp\htdocs\ejemplos.com\JAVA\Tomcats\apache-tomcat-9.0.64
27-Jun-2022 10:59:47.780 INFORMACIÓN [main] org.apache.catalina.startup.VersionLoggerListener.log Command line argument:             -Djava.util.logging.config.file=C:\xampp\htdocs\ejemplos.com\JAVA\Tomcats\apache-tomcat-9.0.64\conf\logging.properties
27-Jun-2022 10:59:47.780 INFORMACIÓN [main] org.apache.catalina.startup.VersionLoggerListener.log Command line argument:             -Djava.util.logging.manager=org.apache.juli.ClassLoaderLogManager
27-Jun-2022 10:59:47.781 INFORMACIÓN [main] org.apache.catalina.startup.VersionLoggerListener.log Command line argument:             -Djdk.tls.ephemeralDHKeySize=2048
27-Jun-2022 10:59:47.781 INFORMACIÓN [main] org.apache.catalina.startup.VersionLoggerListener.log Command line argument:             -Djava.protocol.handler.pkgs=org.apache.catalina.webresources
27-Jun-2022 10:59:47.781 INFORMACIÓN [main] org.apache.catalina.startup.VersionLoggerListener.log Command line argument:             -Dignore.endorsed.dirs=
27-Jun-2022 10:59:47.782 INFORMACIÓN [main] org.apache.catalina.startup.VersionLoggerListener.log Command line argument:             -Dcatalina.base=C:\xampp\htdocs\ejemplos.com\JAVA\Tomcats\apache-tomcat-9.0.64
27-Jun-2022 10:59:47.782 INFORMACIÓN [main] org.apache.catalina.startup.VersionLoggerListener.log Command line argument:             -Dcatalina.home=C:\xampp\htdocs\ejemplos.com\JAVA\Tomcats\apache-tomcat-9.0.64
27-Jun-2022 10:59:47.782 INFORMACIÓN [main] org.apache.catalina.startup.VersionLoggerListener.log Command line argument:             -Djava.io.tmpdir=C:\xampp\htdocs\ejemplos.com\JAVA\Tomcats\apache-tomcat-9.0.64\temp
27-Jun-2022 10:59:47.805 INFORMACIÓN [main] org.apache.catalina.core.AprLifecycleListener.lifecycleEvent La biblioteca nativa de Apache Tomcat basada en ARP que permite un rendimiento óptimo en entornos de desarrollo no ha sido hallada en java.library.path: [C:\Program Files\Java\jdk1.8.0_111\bin;C:\WINDOWS\Sun\Java\bin;C:\WINDOWS\system32;C:\WINDOWS;C:\Program Files (x86)\Common Files\Oracle\Java\javapath;C:\WINDOWS\system32;C:\WINDOWS;C:\WINDOWS\System32\Wbem;C:\WINDOWS\System32\WindowsPowerShell\v1.0\;C:\ProgramData\Oracle\Java\javapath;C:\WINDOWS\System32\OpenSSH\;C:\Program Files\PuTTY\;C:\Users\Administrator\AppData\Roaming\nvm;C:\Program Files\nodejs;C:\Archivos de programa\nodejs\;C:\Program Files\Java\jdk1.8.0_111\bin;C:\xampp\tomcat;C:\Users\manana\AppData\Local\Microsoft\WindowsApps;C:\Users\manana\AppData\Local\Programs\Microsoft VS Code\bin;C:\Users\manana\AppData\Local\Programs\Git\cmd;.]
27-Jun-2022 10:59:49.144 INFORMACIÓN [main] org.apache.coyote.AbstractProtocol.init Inicializando el manejador de protocolo ["http-nio-8080"]

27-Jun-2022 10:59:49.333 INFORMACIÓN [main] org.apache.catalina.startup.Catalina.load Server initialization in [2369] milliseconds
27-Jun-2022 10:59:49.462 INFORMACIÓN [main] org.apache.catalina.core.StandardService.startInternal Arrancando servicio [Catalina]
27-Jun-2022 10:59:49.462 INFORMACIÓN [main] org.apache.catalina.core.StandardEngine.startInternal Starting Servlet engine: [Apache Tomcat/9.0.64]
27-Jun-2022 10:59:49.498 INFORMACIÓN [main] org.apache.catalina.startup.HostConfig.deployDirectory Desplegando el directorio [C:\xampp\htdocs\ejemplos.com\JAVA\Tomcats\apache-tomcat-9.0.64\webapps\docs] de la aplicación web
27-Jun-2022 10:59:50.520 INFORMACIÓN [main] org.apache.jasper.servlet.TldScanner.scanJars Al menos un JAR, que se ha explorado buscando TLDs, aún no contenía TLDs. Activar historial de depuración para este historiador para una completa lista de los JARs que fueron explorados y de los que nos se halló TLDs. Saltarse JARs no necesarios durante la exploración puede dar lugar a una mejora de tiempo significativa en el arranque y compilación de JSP .
27-Jun-2022 10:59:50.732 ADVERTENCIA [main] org.apache.catalina.util.SessionIdGeneratorBase.createSecureRandom Creation of SecureRandom instance for session ID generation using [SHA1PRNG] took [144] milliseconds.
27-Jun-2022 10:59:50.780 INFORMACIÓN [main] org.apache.catalina.startup.HostConfig.deployDirectory Deployment of web application directory [C:\xampp\htdocs\ejemplos.com\JAVA\Tomcats\apache-tomcat-9.0.64\webapps\docs] has finished in [1.281] ms
27-Jun-2022 10:59:50.780 INFORMACIÓN [main] org.apache.catalina.startup.HostConfig.deployDirectory Desplegando el directorio [C:\xampp\htdocs\ejemplos.com\JAVA\Tomcats\apache-tomcat-9.0.64\webapps\examples] de la aplicación web
27-Jun-2022 10:59:52.381 INFORMACIÓN [main] org.apache.jasper.servlet.TldScanner.scanJars Al menos un JAR, que se ha explorado buscando TLDs, aún no contenía TLDs. Activar historial de depuración para este historiador para una completa lista de los JARs que fueron explorados y de los que nos se halló TLDs. Saltarse JARs no necesarios durante la exploración puede dar lugar a una mejora de tiempo significativa en el arranque y compilación de JSP .
27-Jun-2022 10:59:52.536 INFORMACIÓN [main] org.apache.catalina.startup.HostConfig.deployDirectory Deployment of web application directory [C:\xampp\htdocs\ejemplos.com\JAVA\Tomcats\apache-tomcat-9.0.64\webapps\examples] has finished in [1.756] ms
27-Jun-2022 10:59:52.537 INFORMACIÓN [main] org.apache.catalina.startup.HostConfig.deployDirectory Desplegando el directorio [C:\xampp\htdocs\ejemplos.com\JAVA\Tomcats\apache-tomcat-9.0.64\webapps\host-manager] de la aplicación web
27-Jun-2022 10:59:52.736 INFORMACIÓN [main] org.apache.jasper.servlet.TldScanner.scanJars Al menos un JAR, que se ha explorado buscando TLDs, aún no contenía TLDs. Activar historial de depuración para este historiador para una completa lista de los JARs que fueron explorados y de los que nos se halló TLDs. Saltarse JARs no necesarios durante la exploración puede dar lugar a una mejora de tiempo significativa en el arranque y compilación de JSP .
27-Jun-2022 10:59:52.742 INFORMACIÓN [main] org.apache.catalina.startup.HostConfig.deployDirectory Deployment of web application directory [C:\xampp\htdocs\ejemplos.com\JAVA\Tomcats\apache-tomcat-9.0.64\webapps\host-manager] has finished in [206] ms
27-Jun-2022 10:59:52.743 INFORMACIÓN [main] org.apache.catalina.startup.HostConfig.deployDirectory Desplegando el directorio [C:\xampp\htdocs\ejemplos.com\JAVA\Tomcats\apache-tomcat-9.0.64\webapps\laboratorio] de la aplicación web
27-Jun-2022 10:59:52.991 INFORMACIÓN [main] org.apache.jasper.servlet.TldScanner.scanJars Al menos un JAR, que se ha explorado buscando TLDs, aún no contenía TLDs. Activar historial de depuración para este historiador para una completa lista de los JARs que fueron explorados y de los que nos se halló TLDs. Saltarse JARs no necesarios durante la exploración puede dar lugar a una mejora de tiempo significativa en el arranque y compilación de JSP .
27-Jun-2022 10:59:52.994 INFORMACIÓN [main] org.apache.catalina.startup.HostConfig.deployDirectory Deployment of web application directory [C:\xampp\htdocs\ejemplos.com\JAVA\Tomcats\apache-tomcat-9.0.64\webapps\laboratorio] has finished in [251] ms
27-Jun-2022 10:59:52.994 INFORMACIÓN [main] org.apache.catalina.startup.HostConfig.deployDirectory Desplegando el directorio [C:\xampp\htdocs\ejemplos.com\JAVA\Tomcats\apache-tomcat-9.0.64\webapps\manager] de la aplicación web
27-Jun-2022 10:59:53.164 INFORMACIÓN [main] org.apache.jasper.servlet.TldScanner.scanJars Al menos un JAR, que se ha explorado buscando TLDs, aún no contenía TLDs. Activar historial de depuración para este historiador para una completa lista de los JARs que fueron explorados y de los que nos se halló TLDs. Saltarse JARs no necesarios durante la exploración puede dar lugar a una mejora de tiempo significativa en el arranque y compilación de JSP .
27-Jun-2022 10:59:53.168 INFORMACIÓN [main] org.apache.catalina.startup.HostConfig.deployDirectory Deployment of web application directory [C:\xampp\htdocs\ejemplos.com\JAVA\Tomcats\apache-tomcat-9.0.64\webapps\manager] has finished in [174] ms
27-Jun-2022 10:59:53.168 INFORMACIÓN [main] org.apache.catalina.startup.HostConfig.deployDirectory Desplegando el directorio [C:\xampp\htdocs\ejemplos.com\JAVA\Tomcats\apache-tomcat-9.0.64\webapps\ROOT] de la aplicación web
27-Jun-2022 10:59:53.338 INFORMACIÓN [main] org.apache.jasper.servlet.TldScanner.scanJars Al menos un JAR, que se ha explorado buscando TLDs, aún no contenía TLDs. Activar historial de depuración para este historiador para una completa lista de los JARs que fueron explorados y de los que nos se halló TLDs. Saltarse JARs no necesarios durante la exploración puede dar lugar a una mejora de tiempo significativa en el arranque y compilación de JSP .
27-Jun-2022 10:59:53.342 INFORMACIÓN [main] org.apache.catalina.startup.HostConfig.deployDirectory Deployment of web application directory [C:\xampp\htdocs\ejemplos.com\JAVA\Tomcats\apache-tomcat-9.0.64\webapps\ROOT] has finished in [174] ms
27-Jun-2022 10:59:53.348 INFORMACIÓN [main] org.apache.coyote.AbstractProtocol.start Starting ProtocolHandler ["http-nio-8080"]
27-Jun-2022 10:59:53.450 INFORMACIÓN [main] org.apache.catalina.startup.Catalina.start Server startup in [4116] milliseconds
