23-Jun-2022 14:06:31.808 INFORMACIÓN [main] org.apache.catalina.startup.VersionLoggerListener.log Nombre de la versión del servidor: Apache Tomcat/9.0.64
23-Jun-2022 14:06:31.811 INFORMACIÓN [main] org.apache.catalina.startup.VersionLoggerListener.log Server built:                      Jun 2 2022 19:08:46 UTC
23-Jun-2022 14:06:31.811 INFORMACIÓN [main] org.apache.catalina.startup.VersionLoggerListener.log Número de versión de servidor:     9.0.64.0
23-Jun-2022 14:06:31.811 INFORMACIÓN [main] org.apache.catalina.startup.VersionLoggerListener.log OS Name:                           Windows 10
23-Jun-2022 14:06:31.811 INFORMACIÓN [main] org.apache.catalina.startup.VersionLoggerListener.log Versión de Systema Operativo:      10.0
23-Jun-2022 14:06:31.811 INFORMACIÓN [main] org.apache.catalina.startup.VersionLoggerListener.log Arquitectura:                      amd64
23-Jun-2022 14:06:31.812 INFORMACIÓN [main] org.apache.catalina.startup.VersionLoggerListener.log Java Home:                         C:\Program Files\Java\jdk1.8.0_111\jre
23-Jun-2022 14:06:31.812 INFORMACIÓN [main] org.apache.catalina.startup.VersionLoggerListener.log JVM Version:                       1.8.0_111-b14
23-Jun-2022 14:06:31.812 INFORMACIÓN [main] org.apache.catalina.startup.VersionLoggerListener.log Vededor JVM:                       Oracle Corporation
23-Jun-2022 14:06:31.812 INFORMACIÓN [main] org.apache.catalina.startup.VersionLoggerListener.log CATALINA_BASE:                     C:\Users\manana\Desktop\apache-tomcat-9.0.64
23-Jun-2022 14:06:31.812 INFORMACIÓN [main] org.apache.catalina.startup.VersionLoggerListener.log CATALINA_HOME:                     C:\Users\manana\Desktop\apache-tomcat-9.0.64
23-Jun-2022 14:06:31.813 INFORMACIÓN [main] org.apache.catalina.startup.VersionLoggerListener.log Command line argument:             -Djava.util.logging.config.file=C:\Users\manana\Desktop\apache-tomcat-9.0.64\conf\logging.properties
23-Jun-2022 14:06:31.813 INFORMACIÓN [main] org.apache.catalina.startup.VersionLoggerListener.log Command line argument:             -Djava.util.logging.manager=org.apache.juli.ClassLoaderLogManager
23-Jun-2022 14:06:31.813 INFORMACIÓN [main] org.apache.catalina.startup.VersionLoggerListener.log Command line argument:             -Djdk.tls.ephemeralDHKeySize=2048
23-Jun-2022 14:06:31.813 INFORMACIÓN [main] org.apache.catalina.startup.VersionLoggerListener.log Command line argument:             -Djava.protocol.handler.pkgs=org.apache.catalina.webresources
23-Jun-2022 14:06:31.814 INFORMACIÓN [main] org.apache.catalina.startup.VersionLoggerListener.log Command line argument:             -Dignore.endorsed.dirs=
23-Jun-2022 14:06:31.814 INFORMACIÓN [main] org.apache.catalina.startup.VersionLoggerListener.log Command line argument:             -Dcatalina.base=C:\Users\manana\Desktop\apache-tomcat-9.0.64
23-Jun-2022 14:06:31.817 INFORMACIÓN [main] org.apache.catalina.startup.VersionLoggerListener.log Command line argument:             -Dcatalina.home=C:\Users\manana\Desktop\apache-tomcat-9.0.64
23-Jun-2022 14:06:31.817 INFORMACIÓN [main] org.apache.catalina.startup.VersionLoggerListener.log Command line argument:             -Djava.io.tmpdir=C:\Users\manana\Desktop\apache-tomcat-9.0.64\temp
23-Jun-2022 14:06:31.833 INFORMACIÓN [main] org.apache.catalina.core.AprLifecycleListener.lifecycleEvent La biblioteca nativa de Apache Tomcat basada en ARP que permite un rendimiento óptimo en entornos de desarrollo no ha sido hallada en java.library.path: [C:\Program Files\Java\jdk1.8.0_111\bin;C:\WINDOWS\Sun\Java\bin;C:\WINDOWS\system32;C:\WINDOWS;C:\Program Files (x86)\Common Files\Oracle\Java\javapath;C:\WINDOWS\system32;C:\WINDOWS;C:\WINDOWS\System32\Wbem;C:\WINDOWS\System32\WindowsPowerShell\v1.0\;C:\ProgramData\Oracle\Java\javapath;C:\WINDOWS\System32\OpenSSH\;C:\Program Files\PuTTY\;C:\Users\Administrator\AppData\Roaming\nvm;C:\Program Files\nodejs;C:\Archivos de programa\nodejs\;C:\Program Files\Java\jdk1.8.0_111\bin;C:\xampp\tomcat;C:\Users\manana\AppData\Local\Microsoft\WindowsApps;C:\Users\manana\AppData\Local\Programs\Microsoft VS Code\bin;C:\Users\manana\AppData\Local\Programs\Git\cmd;.]
23-Jun-2022 14:06:32.185 INFORMACIÓN [main] org.apache.coyote.AbstractProtocol.init Inicializando el manejador de protocolo ["http-nio-8080"]

23-Jun-2022 14:06:32.217 INFORMACIÓN [main] org.apache.catalina.startup.Catalina.load Server initialization in [600] milliseconds
23-Jun-2022 14:06:32.247 INFORMACIÓN [main] org.apache.catalina.core.StandardService.startInternal Arrancando servicio [Catalina]
23-Jun-2022 14:06:32.247 INFORMACIÓN [main] org.apache.catalina.core.StandardEngine.startInternal Starting Servlet engine: [Apache Tomcat/9.0.64]
23-Jun-2022 14:06:32.258 INFORMACIÓN [main] org.apache.catalina.startup.HostConfig.deployDirectory Desplegando el directorio [C:\Users\manana\Desktop\apache-tomcat-9.0.64\webapps\docs] de la aplicación web
23-Jun-2022 14:06:32.749 INFORMACIÓN [main] org.apache.jasper.servlet.TldScanner.scanJars Al menos un JAR, que se ha explorado buscando TLDs, aún no contenía TLDs. Activar historial de depuración para este historiador para una completa lista de los JARs que fueron explorados y de los que nos se halló TLDs. Saltarse JARs no necesarios durante la exploración puede dar lugar a una mejora de tiempo significativa en el arranque y compilación de JSP .
23-Jun-2022 14:06:32.892 INFORMACIÓN [main] org.apache.catalina.startup.HostConfig.deployDirectory Deployment of web application directory [C:\Users\manana\Desktop\apache-tomcat-9.0.64\webapps\docs] has finished in [633] ms
23-Jun-2022 14:06:32.892 INFORMACIÓN [main] org.apache.catalina.startup.HostConfig.deployDirectory Desplegando el directorio [C:\Users\manana\Desktop\apache-tomcat-9.0.64\webapps\examples] de la aplicación web
23-Jun-2022 14:06:33.354 INFORMACIÓN [main] org.apache.jasper.servlet.TldScanner.scanJars Al menos un JAR, que se ha explorado buscando TLDs, aún no contenía TLDs. Activar historial de depuración para este historiador para una completa lista de los JARs que fueron explorados y de los que nos se halló TLDs. Saltarse JARs no necesarios durante la exploración puede dar lugar a una mejora de tiempo significativa en el arranque y compilación de JSP .
23-Jun-2022 14:06:33.414 INFORMACIÓN [main] org.apache.catalina.startup.HostConfig.deployDirectory Deployment of web application directory [C:\Users\manana\Desktop\apache-tomcat-9.0.64\webapps\examples] has finished in [522] ms
23-Jun-2022 14:06:33.414 INFORMACIÓN [main] org.apache.catalina.startup.HostConfig.deployDirectory Desplegando el directorio [C:\Users\manana\Desktop\apache-tomcat-9.0.64\webapps\host-manager] de la aplicación web
23-Jun-2022 14:06:33.577 INFORMACIÓN [main] org.apache.jasper.servlet.TldScanner.scanJars Al menos un JAR, que se ha explorado buscando TLDs, aún no contenía TLDs. Activar historial de depuración para este historiador para una completa lista de los JARs que fueron explorados y de los que nos se halló TLDs. Saltarse JARs no necesarios durante la exploración puede dar lugar a una mejora de tiempo significativa en el arranque y compilación de JSP .
23-Jun-2022 14:06:33.584 INFORMACIÓN [main] org.apache.catalina.startup.HostConfig.deployDirectory Deployment of web application directory [C:\Users\manana\Desktop\apache-tomcat-9.0.64\webapps\host-manager] has finished in [169] ms
23-Jun-2022 14:06:33.584 INFORMACIÓN [main] org.apache.catalina.startup.HostConfig.deployDirectory Desplegando el directorio [C:\Users\manana\Desktop\apache-tomcat-9.0.64\webapps\laboratorio] de la aplicación web
23-Jun-2022 14:06:33.753 INFORMACIÓN [main] org.apache.jasper.servlet.TldScanner.scanJars Al menos un JAR, que se ha explorado buscando TLDs, aún no contenía TLDs. Activar historial de depuración para este historiador para una completa lista de los JARs que fueron explorados y de los que nos se halló TLDs. Saltarse JARs no necesarios durante la exploración puede dar lugar a una mejora de tiempo significativa en el arranque y compilación de JSP .
23-Jun-2022 14:06:33.756 INFORMACIÓN [main] org.apache.catalina.startup.HostConfig.deployDirectory Deployment of web application directory [C:\Users\manana\Desktop\apache-tomcat-9.0.64\webapps\laboratorio] has finished in [172] ms
23-Jun-2022 14:06:33.757 INFORMACIÓN [main] org.apache.catalina.startup.HostConfig.deployDirectory Desplegando el directorio [C:\Users\manana\Desktop\apache-tomcat-9.0.64\webapps\manager] de la aplicación web
23-Jun-2022 14:06:33.900 INFORMACIÓN [main] org.apache.jasper.servlet.TldScanner.scanJars Al menos un JAR, que se ha explorado buscando TLDs, aún no contenía TLDs. Activar historial de depuración para este historiador para una completa lista de los JARs que fueron explorados y de los que nos se halló TLDs. Saltarse JARs no necesarios durante la exploración puede dar lugar a una mejora de tiempo significativa en el arranque y compilación de JSP .
23-Jun-2022 14:06:33.903 INFORMACIÓN [main] org.apache.catalina.startup.HostConfig.deployDirectory Deployment of web application directory [C:\Users\manana\Desktop\apache-tomcat-9.0.64\webapps\manager] has finished in [146] ms
23-Jun-2022 14:06:33.904 INFORMACIÓN [main] org.apache.catalina.startup.HostConfig.deployDirectory Desplegando el directorio [C:\Users\manana\Desktop\apache-tomcat-9.0.64\webapps\ROOT] de la aplicación web
23-Jun-2022 14:06:34.032 INFORMACIÓN [main] org.apache.jasper.servlet.TldScanner.scanJars Al menos un JAR, que se ha explorado buscando TLDs, aún no contenía TLDs. Activar historial de depuración para este historiador para una completa lista de los JARs que fueron explorados y de los que nos se halló TLDs. Saltarse JARs no necesarios durante la exploración puede dar lugar a una mejora de tiempo significativa en el arranque y compilación de JSP .
23-Jun-2022 14:06:34.035 INFORMACIÓN [main] org.apache.catalina.startup.HostConfig.deployDirectory Deployment of web application directory [C:\Users\manana\Desktop\apache-tomcat-9.0.64\webapps\ROOT] has finished in [131] ms
23-Jun-2022 14:06:34.039 INFORMACIÓN [main] org.apache.coyote.AbstractProtocol.start Starting ProtocolHandler ["http-nio-8080"]
23-Jun-2022 14:06:34.058 INFORMACIÓN [main] org.apache.catalina.startup.Catalina.start Server startup in [1840] milliseconds
