24-Jun-2022 10:21:39.296 INFORMACIÓN [main] org.apache.catalina.startup.VersionLoggerListener.log Nombre de la versión del servidor: Apache Tomcat/9.0.64
24-Jun-2022 10:21:39.314 INFORMACIÓN [main] org.apache.catalina.startup.VersionLoggerListener.log Server built:                      Jun 2 2022 19:08:46 UTC
24-Jun-2022 10:21:39.324 INFORMACIÓN [main] org.apache.catalina.startup.VersionLoggerListener.log Número de versión de servidor:     9.0.64.0
24-Jun-2022 10:21:39.324 INFORMACIÓN [main] org.apache.catalina.startup.VersionLoggerListener.log OS Name:                           Windows 10
24-Jun-2022 10:21:39.324 INFORMACIÓN [main] org.apache.catalina.startup.VersionLoggerListener.log Versión de Systema Operativo:      10.0
24-Jun-2022 10:21:39.324 INFORMACIÓN [main] org.apache.catalina.startup.VersionLoggerListener.log Arquitectura:                      amd64
24-Jun-2022 10:21:39.325 INFORMACIÓN [main] org.apache.catalina.startup.VersionLoggerListener.log Java Home:                         C:\Program Files\Java\jdk1.8.0_111\jre
24-Jun-2022 10:21:39.325 INFORMACIÓN [main] org.apache.catalina.startup.VersionLoggerListener.log JVM Version:                       1.8.0_111-b14
24-Jun-2022 10:21:39.325 INFORMACIÓN [main] org.apache.catalina.startup.VersionLoggerListener.log Vededor JVM:                       Oracle Corporation
24-Jun-2022 10:21:39.325 INFORMACIÓN [main] org.apache.catalina.startup.VersionLoggerListener.log CATALINA_BASE:                     C:\xampp\htdocs\ejemplos.com\JAVA\Tomcats\apache-tomcat-9.0.64
24-Jun-2022 10:21:39.325 INFORMACIÓN [main] org.apache.catalina.startup.VersionLoggerListener.log CATALINA_HOME:                     C:\xampp\htdocs\ejemplos.com\JAVA\Tomcats\apache-tomcat-9.0.64
24-Jun-2022 10:21:39.382 INFORMACIÓN [main] org.apache.catalina.startup.VersionLoggerListener.log Command line argument:             -Djava.util.logging.config.file=C:\xampp\htdocs\ejemplos.com\JAVA\Tomcats\apache-tomcat-9.0.64\conf\logging.properties
24-Jun-2022 10:21:39.382 INFORMACIÓN [main] org.apache.catalina.startup.VersionLoggerListener.log Command line argument:             -Djava.util.logging.manager=org.apache.juli.ClassLoaderLogManager
24-Jun-2022 10:21:39.383 INFORMACIÓN [main] org.apache.catalina.startup.VersionLoggerListener.log Command line argument:             -Djdk.tls.ephemeralDHKeySize=2048
24-Jun-2022 10:21:39.383 INFORMACIÓN [main] org.apache.catalina.startup.VersionLoggerListener.log Command line argument:             -Djava.protocol.handler.pkgs=org.apache.catalina.webresources
24-Jun-2022 10:21:39.384 INFORMACIÓN [main] org.apache.catalina.startup.VersionLoggerListener.log Command line argument:             -Dignore.endorsed.dirs=
24-Jun-2022 10:21:39.385 INFORMACIÓN [main] org.apache.catalina.startup.VersionLoggerListener.log Command line argument:             -Dcatalina.base=C:\xampp\htdocs\ejemplos.com\JAVA\Tomcats\apache-tomcat-9.0.64
24-Jun-2022 10:21:39.386 INFORMACIÓN [main] org.apache.catalina.startup.VersionLoggerListener.log Command line argument:             -Dcatalina.home=C:\xampp\htdocs\ejemplos.com\JAVA\Tomcats\apache-tomcat-9.0.64
24-Jun-2022 10:21:39.386 INFORMACIÓN [main] org.apache.catalina.startup.VersionLoggerListener.log Command line argument:             -Djava.io.tmpdir=C:\xampp\htdocs\ejemplos.com\JAVA\Tomcats\apache-tomcat-9.0.64\temp
24-Jun-2022 10:21:39.408 INFORMACIÓN [main] org.apache.catalina.core.AprLifecycleListener.lifecycleEvent La biblioteca nativa de Apache Tomcat basada en ARP que permite un rendimiento óptimo en entornos de desarrollo no ha sido hallada en java.library.path: [C:\Program Files\Java\jdk1.8.0_111\bin;C:\WINDOWS\Sun\Java\bin;C:\WINDOWS\system32;C:\WINDOWS;C:\Program Files (x86)\Common Files\Oracle\Java\javapath;C:\WINDOWS\system32;C:\WINDOWS;C:\WINDOWS\System32\Wbem;C:\WINDOWS\System32\WindowsPowerShell\v1.0\;C:\ProgramData\Oracle\Java\javapath;C:\WINDOWS\System32\OpenSSH\;C:\Program Files\PuTTY\;C:\Users\Administrator\AppData\Roaming\nvm;C:\Program Files\nodejs;C:\Archivos de programa\nodejs\;C:\Program Files\Java\jdk1.8.0_111\bin;C:\xampp\tomcat;C:\Users\manana\AppData\Local\Microsoft\WindowsApps;C:\Users\manana\AppData\Local\Programs\Microsoft VS Code\bin;C:\Users\manana\AppData\Local\Programs\Git\cmd;.]
24-Jun-2022 10:21:40.519 INFORMACIÓN [main] org.apache.coyote.AbstractProtocol.init Inicializando el manejador de protocolo ["http-nio-8080"]

24-Jun-2022 10:21:40.620 INFORMACIÓN [main] org.apache.catalina.startup.Catalina.load Server initialization in [1700] milliseconds
24-Jun-2022 10:21:40.691 INFORMACIÓN [main] org.apache.catalina.core.StandardService.startInternal Arrancando servicio [Catalina]
24-Jun-2022 10:21:40.691 INFORMACIÓN [main] org.apache.catalina.core.StandardEngine.startInternal Starting Servlet engine: [Apache Tomcat/9.0.64]
24-Jun-2022 10:21:40.817 INFORMACIÓN [main] org.apache.catalina.startup.HostConfig.deployDirectory Desplegando el directorio [C:\xampp\htdocs\ejemplos.com\JAVA\Tomcats\apache-tomcat-9.0.64\webapps\docs] de la aplicación web
24-Jun-2022 10:21:41.804 INFORMACIÓN [main] org.apache.jasper.servlet.TldScanner.scanJars Al menos un JAR, que se ha explorado buscando TLDs, aún no contenía TLDs. Activar historial de depuración para este historiador para una completa lista de los JARs que fueron explorados y de los que nos se halló TLDs. Saltarse JARs no necesarios durante la exploración puede dar lugar a una mejora de tiempo significativa en el arranque y compilación de JSP .
24-Jun-2022 10:21:42.010 ADVERTENCIA [main] org.apache.catalina.util.SessionIdGeneratorBase.createSecureRandom Creation of SecureRandom instance for session ID generation using [SHA1PRNG] took [136] milliseconds.
24-Jun-2022 10:21:42.071 INFORMACIÓN [main] org.apache.catalina.startup.HostConfig.deployDirectory Deployment of web application directory [C:\xampp\htdocs\ejemplos.com\JAVA\Tomcats\apache-tomcat-9.0.64\webapps\docs] has finished in [1.253] ms
24-Jun-2022 10:21:42.071 INFORMACIÓN [main] org.apache.catalina.startup.HostConfig.deployDirectory Desplegando el directorio [C:\xampp\htdocs\ejemplos.com\JAVA\Tomcats\apache-tomcat-9.0.64\webapps\examples] de la aplicación web
24-Jun-2022 10:21:44.588 INFORMACIÓN [main] org.apache.jasper.servlet.TldScanner.scanJars Al menos un JAR, que se ha explorado buscando TLDs, aún no contenía TLDs. Activar historial de depuración para este historiador para una completa lista de los JARs que fueron explorados y de los que nos se halló TLDs. Saltarse JARs no necesarios durante la exploración puede dar lugar a una mejora de tiempo significativa en el arranque y compilación de JSP .
24-Jun-2022 10:21:44.654 INFORMACIÓN [main] org.apache.catalina.startup.HostConfig.deployDirectory Deployment of web application directory [C:\xampp\htdocs\ejemplos.com\JAVA\Tomcats\apache-tomcat-9.0.64\webapps\examples] has finished in [2.583] ms
24-Jun-2022 10:21:44.655 INFORMACIÓN [main] org.apache.catalina.startup.HostConfig.deployDirectory Desplegando el directorio [C:\xampp\htdocs\ejemplos.com\JAVA\Tomcats\apache-tomcat-9.0.64\webapps\host-manager] de la aplicación web
24-Jun-2022 10:21:44.870 INFORMACIÓN [main] org.apache.jasper.servlet.TldScanner.scanJars Al menos un JAR, que se ha explorado buscando TLDs, aún no contenía TLDs. Activar historial de depuración para este historiador para una completa lista de los JARs que fueron explorados y de los que nos se halló TLDs. Saltarse JARs no necesarios durante la exploración puede dar lugar a una mejora de tiempo significativa en el arranque y compilación de JSP .
24-Jun-2022 10:21:44.876 INFORMACIÓN [main] org.apache.catalina.startup.HostConfig.deployDirectory Deployment of web application directory [C:\xampp\htdocs\ejemplos.com\JAVA\Tomcats\apache-tomcat-9.0.64\webapps\host-manager] has finished in [221] ms
24-Jun-2022 10:21:44.876 INFORMACIÓN [main] org.apache.catalina.startup.HostConfig.deployDirectory Desplegando el directorio [C:\xampp\htdocs\ejemplos.com\JAVA\Tomcats\apache-tomcat-9.0.64\webapps\laboratorio] de la aplicación web
24-Jun-2022 10:21:45.078 INFORMACIÓN [main] org.apache.jasper.servlet.TldScanner.scanJars Al menos un JAR, que se ha explorado buscando TLDs, aún no contenía TLDs. Activar historial de depuración para este historiador para una completa lista de los JARs que fueron explorados y de los que nos se halló TLDs. Saltarse JARs no necesarios durante la exploración puede dar lugar a una mejora de tiempo significativa en el arranque y compilación de JSP .
24-Jun-2022 10:21:45.081 INFORMACIÓN [main] org.apache.catalina.startup.HostConfig.deployDirectory Deployment of web application directory [C:\xampp\htdocs\ejemplos.com\JAVA\Tomcats\apache-tomcat-9.0.64\webapps\laboratorio] has finished in [205] ms
24-Jun-2022 10:21:45.081 INFORMACIÓN [main] org.apache.catalina.startup.HostConfig.deployDirectory Desplegando el directorio [C:\xampp\htdocs\ejemplos.com\JAVA\Tomcats\apache-tomcat-9.0.64\webapps\manager] de la aplicación web
24-Jun-2022 10:21:45.250 INFORMACIÓN [main] org.apache.jasper.servlet.TldScanner.scanJars Al menos un JAR, que se ha explorado buscando TLDs, aún no contenía TLDs. Activar historial de depuración para este historiador para una completa lista de los JARs que fueron explorados y de los que nos se halló TLDs. Saltarse JARs no necesarios durante la exploración puede dar lugar a una mejora de tiempo significativa en el arranque y compilación de JSP .
24-Jun-2022 10:21:45.253 INFORMACIÓN [main] org.apache.catalina.startup.HostConfig.deployDirectory Deployment of web application directory [C:\xampp\htdocs\ejemplos.com\JAVA\Tomcats\apache-tomcat-9.0.64\webapps\manager] has finished in [172] ms
24-Jun-2022 10:21:45.254 INFORMACIÓN [main] org.apache.catalina.startup.HostConfig.deployDirectory Desplegando el directorio [C:\xampp\htdocs\ejemplos.com\JAVA\Tomcats\apache-tomcat-9.0.64\webapps\ROOT] de la aplicación web
24-Jun-2022 10:21:45.416 INFORMACIÓN [main] org.apache.jasper.servlet.TldScanner.scanJars Al menos un JAR, que se ha explorado buscando TLDs, aún no contenía TLDs. Activar historial de depuración para este historiador para una completa lista de los JARs que fueron explorados y de los que nos se halló TLDs. Saltarse JARs no necesarios durante la exploración puede dar lugar a una mejora de tiempo significativa en el arranque y compilación de JSP .
24-Jun-2022 10:21:45.419 INFORMACIÓN [main] org.apache.catalina.startup.HostConfig.deployDirectory Deployment of web application directory [C:\xampp\htdocs\ejemplos.com\JAVA\Tomcats\apache-tomcat-9.0.64\webapps\ROOT] has finished in [164] ms
24-Jun-2022 10:21:45.423 INFORMACIÓN [main] org.apache.coyote.AbstractProtocol.start Starting ProtocolHandler ["http-nio-8080"]
24-Jun-2022 10:21:45.509 INFORMACIÓN [main] org.apache.catalina.startup.Catalina.start Server startup in [4888] milliseconds
24-Jun-2022 10:23:53.212 INFORMACIÓN [main] org.apache.catalina.core.StandardServer.await Se ha recibido un comando de apagado a través del puerto de apagado. Parando la instancia del Servidor.
24-Jun-2022 10:23:53.213 INFORMACIÓN [main] org.apache.coyote.AbstractProtocol.pause Pausing ProtocolHandler ["http-nio-8080"]
24-Jun-2022 10:23:53.292 INFORMACIÓN [main] org.apache.catalina.core.StandardService.stopInternal Parando servicio [Catalina]
24-Jun-2022 10:23:53.356 INFORMACIÓN [main] org.apache.coyote.AbstractProtocol.stop Stopping ProtocolHandler ["http-nio-8080"]
24-Jun-2022 10:23:53.375 INFORMACIÓN [main] org.apache.coyote.AbstractProtocol.destroy Destroying ProtocolHandler ["http-nio-8080"]
24-Jun-2022 10:23:57.838 INFORMACIÓN [main] org.apache.catalina.startup.VersionLoggerListener.log Nombre de la versión del servidor: Apache Tomcat/9.0.64
24-Jun-2022 10:23:57.842 INFORMACIÓN [main] org.apache.catalina.startup.VersionLoggerListener.log Server built:                      Jun 2 2022 19:08:46 UTC
24-Jun-2022 10:23:57.842 INFORMACIÓN [main] org.apache.catalina.startup.VersionLoggerListener.log Número de versión de servidor:     9.0.64.0
24-Jun-2022 10:23:57.842 INFORMACIÓN [main] org.apache.catalina.startup.VersionLoggerListener.log OS Name:                           Windows 10
24-Jun-2022 10:23:57.843 INFORMACIÓN [main] org.apache.catalina.startup.VersionLoggerListener.log Versión de Systema Operativo:      10.0
24-Jun-2022 10:23:57.843 INFORMACIÓN [main] org.apache.catalina.startup.VersionLoggerListener.log Arquitectura:                      amd64
24-Jun-2022 10:23:57.843 INFORMACIÓN [main] org.apache.catalina.startup.VersionLoggerListener.log Java Home:                         C:\Program Files\Java\jdk1.8.0_111\jre
24-Jun-2022 10:23:57.843 INFORMACIÓN [main] org.apache.catalina.startup.VersionLoggerListener.log JVM Version:                       1.8.0_111-b14
24-Jun-2022 10:23:57.843 INFORMACIÓN [main] org.apache.catalina.startup.VersionLoggerListener.log Vededor JVM:                       Oracle Corporation
24-Jun-2022 10:23:57.844 INFORMACIÓN [main] org.apache.catalina.startup.VersionLoggerListener.log CATALINA_BASE:                     C:\xampp\htdocs\ejemplos.com\JAVA\Tomcats\apache-tomcat-9.0.64
24-Jun-2022 10:23:57.844 INFORMACIÓN [main] org.apache.catalina.startup.VersionLoggerListener.log CATALINA_HOME:                     C:\xampp\htdocs\ejemplos.com\JAVA\Tomcats\apache-tomcat-9.0.64
24-Jun-2022 10:23:57.845 INFORMACIÓN [main] org.apache.catalina.startup.VersionLoggerListener.log Command line argument:             -Djava.util.logging.config.file=C:\xampp\htdocs\ejemplos.com\JAVA\Tomcats\apache-tomcat-9.0.64\conf\logging.properties
24-Jun-2022 10:23:57.845 INFORMACIÓN [main] org.apache.catalina.startup.VersionLoggerListener.log Command line argument:             -Djava.util.logging.manager=org.apache.juli.ClassLoaderLogManager
24-Jun-2022 10:23:57.845 INFORMACIÓN [main] org.apache.catalina.startup.VersionLoggerListener.log Command line argument:             -Djdk.tls.ephemeralDHKeySize=2048
24-Jun-2022 10:23:57.845 INFORMACIÓN [main] org.apache.catalina.startup.VersionLoggerListener.log Command line argument:             -Djava.protocol.handler.pkgs=org.apache.catalina.webresources
24-Jun-2022 10:23:57.845 INFORMACIÓN [main] org.apache.catalina.startup.VersionLoggerListener.log Command line argument:             -Dignore.endorsed.dirs=
24-Jun-2022 10:23:57.846 INFORMACIÓN [main] org.apache.catalina.startup.VersionLoggerListener.log Command line argument:             -Dcatalina.base=C:\xampp\htdocs\ejemplos.com\JAVA\Tomcats\apache-tomcat-9.0.64
24-Jun-2022 10:23:57.848 INFORMACIÓN [main] org.apache.catalina.startup.VersionLoggerListener.log Command line argument:             -Dcatalina.home=C:\xampp\htdocs\ejemplos.com\JAVA\Tomcats\apache-tomcat-9.0.64
24-Jun-2022 10:23:57.848 INFORMACIÓN [main] org.apache.catalina.startup.VersionLoggerListener.log Command line argument:             -Djava.io.tmpdir=C:\xampp\htdocs\ejemplos.com\JAVA\Tomcats\apache-tomcat-9.0.64\temp
24-Jun-2022 10:23:57.861 INFORMACIÓN [main] org.apache.catalina.core.AprLifecycleListener.lifecycleEvent La biblioteca nativa de Apache Tomcat basada en ARP que permite un rendimiento óptimo en entornos de desarrollo no ha sido hallada en java.library.path: [C:\Program Files\Java\jdk1.8.0_111\bin;C:\WINDOWS\Sun\Java\bin;C:\WINDOWS\system32;C:\WINDOWS;C:\Program Files (x86)\Common Files\Oracle\Java\javapath;C:\WINDOWS\system32;C:\WINDOWS;C:\WINDOWS\System32\Wbem;C:\WINDOWS\System32\WindowsPowerShell\v1.0\;C:\ProgramData\Oracle\Java\javapath;C:\WINDOWS\System32\OpenSSH\;C:\Program Files\PuTTY\;C:\Users\Administrator\AppData\Roaming\nvm;C:\Program Files\nodejs;C:\Archivos de programa\nodejs\;C:\Program Files\Java\jdk1.8.0_111\bin;C:\xampp\tomcat;C:\Users\manana\AppData\Local\Microsoft\WindowsApps;C:\Users\manana\AppData\Local\Programs\Microsoft VS Code\bin;C:\Users\manana\AppData\Local\Programs\Git\cmd;.]
24-Jun-2022 10:23:58.245 INFORMACIÓN [main] org.apache.coyote.AbstractProtocol.init Inicializando el manejador de protocolo ["http-nio-8080"]

24-Jun-2022 10:23:58.279 INFORMACIÓN [main] org.apache.catalina.startup.Catalina.load Server initialization in [648] milliseconds
24-Jun-2022 10:23:58.308 INFORMACIÓN [main] org.apache.catalina.core.StandardService.startInternal Arrancando servicio [Catalina]
24-Jun-2022 10:23:58.309 INFORMACIÓN [main] org.apache.catalina.core.StandardEngine.startInternal Starting Servlet engine: [Apache Tomcat/9.0.64]
24-Jun-2022 10:23:58.319 INFORMACIÓN [main] org.apache.catalina.startup.HostConfig.deployDirectory Desplegando el directorio [C:\xampp\htdocs\ejemplos.com\JAVA\Tomcats\apache-tomcat-9.0.64\webapps\docs] de la aplicación web
24-Jun-2022 10:23:58.791 INFORMACIÓN [main] org.apache.jasper.servlet.TldScanner.scanJars Al menos un JAR, que se ha explorado buscando TLDs, aún no contenía TLDs. Activar historial de depuración para este historiador para una completa lista de los JARs que fueron explorados y de los que nos se halló TLDs. Saltarse JARs no necesarios durante la exploración puede dar lugar a una mejora de tiempo significativa en el arranque y compilación de JSP .
24-Jun-2022 10:23:58.923 INFORMACIÓN [main] org.apache.catalina.startup.HostConfig.deployDirectory Deployment of web application directory [C:\xampp\htdocs\ejemplos.com\JAVA\Tomcats\apache-tomcat-9.0.64\webapps\docs] has finished in [603] ms
24-Jun-2022 10:23:58.923 INFORMACIÓN [main] org.apache.catalina.startup.HostConfig.deployDirectory Desplegando el directorio [C:\xampp\htdocs\ejemplos.com\JAVA\Tomcats\apache-tomcat-9.0.64\webapps\examples] de la aplicación web
24-Jun-2022 10:23:59.402 INFORMACIÓN [main] org.apache.jasper.servlet.TldScanner.scanJars Al menos un JAR, que se ha explorado buscando TLDs, aún no contenía TLDs. Activar historial de depuración para este historiador para una completa lista de los JARs que fueron explorados y de los que nos se halló TLDs. Saltarse JARs no necesarios durante la exploración puede dar lugar a una mejora de tiempo significativa en el arranque y compilación de JSP .
24-Jun-2022 10:23:59.455 INFORMACIÓN [main] org.apache.catalina.startup.HostConfig.deployDirectory Deployment of web application directory [C:\xampp\htdocs\ejemplos.com\JAVA\Tomcats\apache-tomcat-9.0.64\webapps\examples] has finished in [532] ms
24-Jun-2022 10:23:59.456 INFORMACIÓN [main] org.apache.catalina.startup.HostConfig.deployDirectory Desplegando el directorio [C:\xampp\htdocs\ejemplos.com\JAVA\Tomcats\apache-tomcat-9.0.64\webapps\host-manager] de la aplicación web
24-Jun-2022 10:23:59.619 INFORMACIÓN [main] org.apache.jasper.servlet.TldScanner.scanJars Al menos un JAR, que se ha explorado buscando TLDs, aún no contenía TLDs. Activar historial de depuración para este historiador para una completa lista de los JARs que fueron explorados y de los que nos se halló TLDs. Saltarse JARs no necesarios durante la exploración puede dar lugar a una mejora de tiempo significativa en el arranque y compilación de JSP .
24-Jun-2022 10:23:59.625 INFORMACIÓN [main] org.apache.catalina.startup.HostConfig.deployDirectory Deployment of web application directory [C:\xampp\htdocs\ejemplos.com\JAVA\Tomcats\apache-tomcat-9.0.64\webapps\host-manager] has finished in [168] ms
24-Jun-2022 10:23:59.625 INFORMACIÓN [main] org.apache.catalina.startup.HostConfig.deployDirectory Desplegando el directorio [C:\xampp\htdocs\ejemplos.com\JAVA\Tomcats\apache-tomcat-9.0.64\webapps\laboratorio] de la aplicación web
24-Jun-2022 10:23:59.799 INFORMACIÓN [main] org.apache.jasper.servlet.TldScanner.scanJars Al menos un JAR, que se ha explorado buscando TLDs, aún no contenía TLDs. Activar historial de depuración para este historiador para una completa lista de los JARs que fueron explorados y de los que nos se halló TLDs. Saltarse JARs no necesarios durante la exploración puede dar lugar a una mejora de tiempo significativa en el arranque y compilación de JSP .
24-Jun-2022 10:23:59.802 INFORMACIÓN [main] org.apache.catalina.startup.HostConfig.deployDirectory Deployment of web application directory [C:\xampp\htdocs\ejemplos.com\JAVA\Tomcats\apache-tomcat-9.0.64\webapps\laboratorio] has finished in [177] ms
24-Jun-2022 10:23:59.802 INFORMACIÓN [main] org.apache.catalina.startup.HostConfig.deployDirectory Desplegando el directorio [C:\xampp\htdocs\ejemplos.com\JAVA\Tomcats\apache-tomcat-9.0.64\webapps\manager] de la aplicación web
24-Jun-2022 10:23:59.953 INFORMACIÓN [main] org.apache.jasper.servlet.TldScanner.scanJars Al menos un JAR, que se ha explorado buscando TLDs, aún no contenía TLDs. Activar historial de depuración para este historiador para una completa lista de los JARs que fueron explorados y de los que nos se halló TLDs. Saltarse JARs no necesarios durante la exploración puede dar lugar a una mejora de tiempo significativa en el arranque y compilación de JSP .
24-Jun-2022 10:23:59.955 INFORMACIÓN [main] org.apache.catalina.startup.HostConfig.deployDirectory Deployment of web application directory [C:\xampp\htdocs\ejemplos.com\JAVA\Tomcats\apache-tomcat-9.0.64\webapps\manager] has finished in [153] ms
24-Jun-2022 10:23:59.956 INFORMACIÓN [main] org.apache.catalina.startup.HostConfig.deployDirectory Desplegando el directorio [C:\xampp\htdocs\ejemplos.com\JAVA\Tomcats\apache-tomcat-9.0.64\webapps\ROOT] de la aplicación web
24-Jun-2022 10:24:00.106 INFORMACIÓN [main] org.apache.jasper.servlet.TldScanner.scanJars Al menos un JAR, que se ha explorado buscando TLDs, aún no contenía TLDs. Activar historial de depuración para este historiador para una completa lista de los JARs que fueron explorados y de los que nos se halló TLDs. Saltarse JARs no necesarios durante la exploración puede dar lugar a una mejora de tiempo significativa en el arranque y compilación de JSP .
24-Jun-2022 10:24:00.109 INFORMACIÓN [main] org.apache.catalina.startup.HostConfig.deployDirectory Deployment of web application directory [C:\xampp\htdocs\ejemplos.com\JAVA\Tomcats\apache-tomcat-9.0.64\webapps\ROOT] has finished in [153] ms
24-Jun-2022 10:24:00.114 INFORMACIÓN [main] org.apache.coyote.AbstractProtocol.start Starting ProtocolHandler ["http-nio-8080"]
24-Jun-2022 10:24:00.133 INFORMACIÓN [main] org.apache.catalina.startup.Catalina.start Server startup in [1853] milliseconds
24-Jun-2022 10:27:46.302 INFORMACIÓN [main] org.apache.catalina.core.StandardServer.await Se ha recibido un comando de apagado a través del puerto de apagado. Parando la instancia del Servidor.
24-Jun-2022 10:27:46.302 INFORMACIÓN [main] org.apache.coyote.AbstractProtocol.pause Pausing ProtocolHandler ["http-nio-8080"]
24-Jun-2022 10:27:46.383 INFORMACIÓN [main] org.apache.catalina.core.StandardService.stopInternal Parando servicio [Catalina]
24-Jun-2022 10:27:46.449 INFORMACIÓN [main] org.apache.coyote.AbstractProtocol.stop Stopping ProtocolHandler ["http-nio-8080"]
24-Jun-2022 10:27:46.463 INFORMACIÓN [main] org.apache.coyote.AbstractProtocol.destroy Destroying ProtocolHandler ["http-nio-8080"]
24-Jun-2022 10:27:48.546 INFORMACIÓN [main] org.apache.catalina.startup.VersionLoggerListener.log Nombre de la versión del servidor: Apache Tomcat/9.0.64
24-Jun-2022 10:27:48.549 INFORMACIÓN [main] org.apache.catalina.startup.VersionLoggerListener.log Server built:                      Jun 2 2022 19:08:46 UTC
24-Jun-2022 10:27:48.550 INFORMACIÓN [main] org.apache.catalina.startup.VersionLoggerListener.log Número de versión de servidor:     9.0.64.0
24-Jun-2022 10:27:48.550 INFORMACIÓN [main] org.apache.catalina.startup.VersionLoggerListener.log OS Name:                           Windows 10
24-Jun-2022 10:27:48.550 INFORMACIÓN [main] org.apache.catalina.startup.VersionLoggerListener.log Versión de Systema Operativo:      10.0
24-Jun-2022 10:27:48.550 INFORMACIÓN [main] org.apache.catalina.startup.VersionLoggerListener.log Arquitectura:                      amd64
24-Jun-2022 10:27:48.551 INFORMACIÓN [main] org.apache.catalina.startup.VersionLoggerListener.log Java Home:                         C:\Program Files\Java\jdk1.8.0_111\jre
24-Jun-2022 10:27:48.551 INFORMACIÓN [main] org.apache.catalina.startup.VersionLoggerListener.log JVM Version:                       1.8.0_111-b14
24-Jun-2022 10:27:48.551 INFORMACIÓN [main] org.apache.catalina.startup.VersionLoggerListener.log Vededor JVM:                       Oracle Corporation
24-Jun-2022 10:27:48.551 INFORMACIÓN [main] org.apache.catalina.startup.VersionLoggerListener.log CATALINA_BASE:                     C:\xampp\htdocs\ejemplos.com\JAVA\Tomcats\apache-tomcat-9.0.64
24-Jun-2022 10:27:48.551 INFORMACIÓN [main] org.apache.catalina.startup.VersionLoggerListener.log CATALINA_HOME:                     C:\xampp\htdocs\ejemplos.com\JAVA\Tomcats\apache-tomcat-9.0.64
24-Jun-2022 10:27:48.552 INFORMACIÓN [main] org.apache.catalina.startup.VersionLoggerListener.log Command line argument:             -Djava.util.logging.config.file=C:\xampp\htdocs\ejemplos.com\JAVA\Tomcats\apache-tomcat-9.0.64\conf\logging.properties
24-Jun-2022 10:27:48.552 INFORMACIÓN [main] org.apache.catalina.startup.VersionLoggerListener.log Command line argument:             -Djava.util.logging.manager=org.apache.juli.ClassLoaderLogManager
24-Jun-2022 10:27:48.552 INFORMACIÓN [main] org.apache.catalina.startup.VersionLoggerListener.log Command line argument:             -Djdk.tls.ephemeralDHKeySize=2048
24-Jun-2022 10:27:48.552 INFORMACIÓN [main] org.apache.catalina.startup.VersionLoggerListener.log Command line argument:             -Djava.protocol.handler.pkgs=org.apache.catalina.webresources
24-Jun-2022 10:27:48.553 INFORMACIÓN [main] org.apache.catalina.startup.VersionLoggerListener.log Command line argument:             -Dignore.endorsed.dirs=
24-Jun-2022 10:27:48.554 INFORMACIÓN [main] org.apache.catalina.startup.VersionLoggerListener.log Command line argument:             -Dcatalina.base=C:\xampp\htdocs\ejemplos.com\JAVA\Tomcats\apache-tomcat-9.0.64
24-Jun-2022 10:27:48.556 INFORMACIÓN [main] org.apache.catalina.startup.VersionLoggerListener.log Command line argument:             -Dcatalina.home=C:\xampp\htdocs\ejemplos.com\JAVA\Tomcats\apache-tomcat-9.0.64
24-Jun-2022 10:27:48.556 INFORMACIÓN [main] org.apache.catalina.startup.VersionLoggerListener.log Command line argument:             -Djava.io.tmpdir=C:\xampp\htdocs\ejemplos.com\JAVA\Tomcats\apache-tomcat-9.0.64\temp
24-Jun-2022 10:27:48.568 INFORMACIÓN [main] org.apache.catalina.core.AprLifecycleListener.lifecycleEvent La biblioteca nativa de Apache Tomcat basada en ARP que permite un rendimiento óptimo en entornos de desarrollo no ha sido hallada en java.library.path: [C:\Program Files\Java\jdk1.8.0_111\bin;C:\WINDOWS\Sun\Java\bin;C:\WINDOWS\system32;C:\WINDOWS;C:\Program Files (x86)\Common Files\Oracle\Java\javapath;C:\WINDOWS\system32;C:\WINDOWS;C:\WINDOWS\System32\Wbem;C:\WINDOWS\System32\WindowsPowerShell\v1.0\;C:\ProgramData\Oracle\Java\javapath;C:\WINDOWS\System32\OpenSSH\;C:\Program Files\PuTTY\;C:\Users\Administrator\AppData\Roaming\nvm;C:\Program Files\nodejs;C:\Archivos de programa\nodejs\;C:\Program Files\Java\jdk1.8.0_111\bin;C:\xampp\tomcat;C:\Users\manana\AppData\Local\Microsoft\WindowsApps;C:\Users\manana\AppData\Local\Programs\Microsoft VS Code\bin;C:\Users\manana\AppData\Local\Programs\Git\cmd;.]
24-Jun-2022 10:27:48.949 INFORMACIÓN [main] org.apache.coyote.AbstractProtocol.init Inicializando el manejador de protocolo ["http-nio-8080"]

24-Jun-2022 10:27:48.985 INFORMACIÓN [main] org.apache.catalina.startup.Catalina.load Server initialization in [647] milliseconds
24-Jun-2022 10:27:49.017 INFORMACIÓN [main] org.apache.catalina.core.StandardService.startInternal Arrancando servicio [Catalina]
24-Jun-2022 10:27:49.018 INFORMACIÓN [main] org.apache.catalina.core.StandardEngine.startInternal Starting Servlet engine: [Apache Tomcat/9.0.64]
24-Jun-2022 10:27:49.029 INFORMACIÓN [main] org.apache.catalina.startup.HostConfig.deployDirectory Desplegando el directorio [C:\xampp\htdocs\ejemplos.com\JAVA\Tomcats\apache-tomcat-9.0.64\webapps\docs] de la aplicación web
24-Jun-2022 10:27:49.506 INFORMACIÓN [main] org.apache.jasper.servlet.TldScanner.scanJars Al menos un JAR, que se ha explorado buscando TLDs, aún no contenía TLDs. Activar historial de depuración para este historiador para una completa lista de los JARs que fueron explorados y de los que nos se halló TLDs. Saltarse JARs no necesarios durante la exploración puede dar lugar a una mejora de tiempo significativa en el arranque y compilación de JSP .
24-Jun-2022 10:27:49.644 INFORMACIÓN [main] org.apache.catalina.startup.HostConfig.deployDirectory Deployment of web application directory [C:\xampp\htdocs\ejemplos.com\JAVA\Tomcats\apache-tomcat-9.0.64\webapps\docs] has finished in [614] ms
24-Jun-2022 10:27:49.644 INFORMACIÓN [main] org.apache.catalina.startup.HostConfig.deployDirectory Desplegando el directorio [C:\xampp\htdocs\ejemplos.com\JAVA\Tomcats\apache-tomcat-9.0.64\webapps\examples] de la aplicación web
24-Jun-2022 10:27:50.145 INFORMACIÓN [main] org.apache.jasper.servlet.TldScanner.scanJars Al menos un JAR, que se ha explorado buscando TLDs, aún no contenía TLDs. Activar historial de depuración para este historiador para una completa lista de los JARs que fueron explorados y de los que nos se halló TLDs. Saltarse JARs no necesarios durante la exploración puede dar lugar a una mejora de tiempo significativa en el arranque y compilación de JSP .
24-Jun-2022 10:27:50.217 INFORMACIÓN [main] org.apache.catalina.startup.HostConfig.deployDirectory Deployment of web application directory [C:\xampp\htdocs\ejemplos.com\JAVA\Tomcats\apache-tomcat-9.0.64\webapps\examples] has finished in [572] ms
24-Jun-2022 10:27:50.217 INFORMACIÓN [main] org.apache.catalina.startup.HostConfig.deployDirectory Desplegando el directorio [C:\xampp\htdocs\ejemplos.com\JAVA\Tomcats\apache-tomcat-9.0.64\webapps\host-manager] de la aplicación web
24-Jun-2022 10:27:50.406 INFORMACIÓN [main] org.apache.jasper.servlet.TldScanner.scanJars Al menos un JAR, que se ha explorado buscando TLDs, aún no contenía TLDs. Activar historial de depuración para este historiador para una completa lista de los JARs que fueron explorados y de los que nos se halló TLDs. Saltarse JARs no necesarios durante la exploración puede dar lugar a una mejora de tiempo significativa en el arranque y compilación de JSP .
24-Jun-2022 10:27:50.413 INFORMACIÓN [main] org.apache.catalina.startup.HostConfig.deployDirectory Deployment of web application directory [C:\xampp\htdocs\ejemplos.com\JAVA\Tomcats\apache-tomcat-9.0.64\webapps\host-manager] has finished in [196] ms
24-Jun-2022 10:27:50.414 INFORMACIÓN [main] org.apache.catalina.startup.HostConfig.deployDirectory Desplegando el directorio [C:\xampp\htdocs\ejemplos.com\JAVA\Tomcats\apache-tomcat-9.0.64\webapps\laboratorio] de la aplicación web
24-Jun-2022 10:27:50.600 INFORMACIÓN [main] org.apache.jasper.servlet.TldScanner.scanJars Al menos un JAR, que se ha explorado buscando TLDs, aún no contenía TLDs. Activar historial de depuración para este historiador para una completa lista de los JARs que fueron explorados y de los que nos se halló TLDs. Saltarse JARs no necesarios durante la exploración puede dar lugar a una mejora de tiempo significativa en el arranque y compilación de JSP .
24-Jun-2022 10:27:50.603 INFORMACIÓN [main] org.apache.catalina.startup.HostConfig.deployDirectory Deployment of web application directory [C:\xampp\htdocs\ejemplos.com\JAVA\Tomcats\apache-tomcat-9.0.64\webapps\laboratorio] has finished in [189] ms
24-Jun-2022 10:27:50.604 INFORMACIÓN [main] org.apache.catalina.startup.HostConfig.deployDirectory Desplegando el directorio [C:\xampp\htdocs\ejemplos.com\JAVA\Tomcats\apache-tomcat-9.0.64\webapps\manager] de la aplicación web
24-Jun-2022 10:27:50.801 INFORMACIÓN [main] org.apache.jasper.servlet.TldScanner.scanJars Al menos un JAR, que se ha explorado buscando TLDs, aún no contenía TLDs. Activar historial de depuración para este historiador para una completa lista de los JARs que fueron explorados y de los que nos se halló TLDs. Saltarse JARs no necesarios durante la exploración puede dar lugar a una mejora de tiempo significativa en el arranque y compilación de JSP .
24-Jun-2022 10:27:50.804 INFORMACIÓN [main] org.apache.catalina.startup.HostConfig.deployDirectory Deployment of web application directory [C:\xampp\htdocs\ejemplos.com\JAVA\Tomcats\apache-tomcat-9.0.64\webapps\manager] has finished in [200] ms
24-Jun-2022 10:27:50.805 INFORMACIÓN [main] org.apache.catalina.startup.HostConfig.deployDirectory Desplegando el directorio [C:\xampp\htdocs\ejemplos.com\JAVA\Tomcats\apache-tomcat-9.0.64\webapps\ROOT] de la aplicación web
24-Jun-2022 10:27:50.968 INFORMACIÓN [main] org.apache.jasper.servlet.TldScanner.scanJars Al menos un JAR, que se ha explorado buscando TLDs, aún no contenía TLDs. Activar historial de depuración para este historiador para una completa lista de los JARs que fueron explorados y de los que nos se halló TLDs. Saltarse JARs no necesarios durante la exploración puede dar lugar a una mejora de tiempo significativa en el arranque y compilación de JSP .
24-Jun-2022 10:27:51.070 INFORMACIÓN [main] org.apache.catalina.startup.HostConfig.deployDirectory Deployment of web application directory [C:\xampp\htdocs\ejemplos.com\JAVA\Tomcats\apache-tomcat-9.0.64\webapps\ROOT] has finished in [265] ms
24-Jun-2022 10:27:51.075 INFORMACIÓN [main] org.apache.coyote.AbstractProtocol.start Starting ProtocolHandler ["http-nio-8080"]
24-Jun-2022 10:27:51.095 INFORMACIÓN [main] org.apache.catalina.startup.Catalina.start Server startup in [2108] milliseconds
24-Jun-2022 10:28:06.279 INFORMACIÓN [main] org.apache.catalina.core.StandardServer.await Se ha recibido un comando de apagado a través del puerto de apagado. Parando la instancia del Servidor.
24-Jun-2022 10:28:06.280 INFORMACIÓN [main] org.apache.coyote.AbstractProtocol.pause Pausing ProtocolHandler ["http-nio-8080"]
24-Jun-2022 10:28:06.357 INFORMACIÓN [main] org.apache.catalina.core.StandardService.stopInternal Parando servicio [Catalina]
24-Jun-2022 10:28:06.399 INFORMACIÓN [main] org.apache.coyote.AbstractProtocol.stop Stopping ProtocolHandler ["http-nio-8080"]
24-Jun-2022 10:28:06.414 INFORMACIÓN [main] org.apache.coyote.AbstractProtocol.destroy Destroying ProtocolHandler ["http-nio-8080"]
24-Jun-2022 10:28:44.242 INFORMACIÓN [main] org.apache.catalina.startup.VersionLoggerListener.log Nombre de la versión del servidor: Apache Tomcat/9.0.64
24-Jun-2022 10:28:44.246 INFORMACIÓN [main] org.apache.catalina.startup.VersionLoggerListener.log Server built:                      Jun 2 2022 19:08:46 UTC
24-Jun-2022 10:28:44.246 INFORMACIÓN [main] org.apache.catalina.startup.VersionLoggerListener.log Número de versión de servidor:     9.0.64.0
24-Jun-2022 10:28:44.246 INFORMACIÓN [main] org.apache.catalina.startup.VersionLoggerListener.log OS Name:                           Windows 10
24-Jun-2022 10:28:44.247 INFORMACIÓN [main] org.apache.catalina.startup.VersionLoggerListener.log Versión de Systema Operativo:      10.0
24-Jun-2022 10:28:44.247 INFORMACIÓN [main] org.apache.catalina.startup.VersionLoggerListener.log Arquitectura:                      amd64
24-Jun-2022 10:28:44.247 INFORMACIÓN [main] org.apache.catalina.startup.VersionLoggerListener.log Java Home:                         C:\Program Files\Java\jdk1.8.0_111\jre
24-Jun-2022 10:28:44.247 INFORMACIÓN [main] org.apache.catalina.startup.VersionLoggerListener.log JVM Version:                       1.8.0_111-b14
24-Jun-2022 10:28:44.247 INFORMACIÓN [main] org.apache.catalina.startup.VersionLoggerListener.log Vededor JVM:                       Oracle Corporation
24-Jun-2022 10:28:44.247 INFORMACIÓN [main] org.apache.catalina.startup.VersionLoggerListener.log CATALINA_BASE:                     C:\xampp\htdocs\ejemplos.com\JAVA\Tomcats\apache-tomcat-9.0.64
24-Jun-2022 10:28:44.248 INFORMACIÓN [main] org.apache.catalina.startup.VersionLoggerListener.log CATALINA_HOME:                     C:\xampp\htdocs\ejemplos.com\JAVA\Tomcats\apache-tomcat-9.0.64
24-Jun-2022 10:28:44.249 INFORMACIÓN [main] org.apache.catalina.startup.VersionLoggerListener.log Command line argument:             -Djava.util.logging.config.file=C:\xampp\htdocs\ejemplos.com\JAVA\Tomcats\apache-tomcat-9.0.64\conf\logging.properties
24-Jun-2022 10:28:44.249 INFORMACIÓN [main] org.apache.catalina.startup.VersionLoggerListener.log Command line argument:             -Djava.util.logging.manager=org.apache.juli.ClassLoaderLogManager
24-Jun-2022 10:28:44.249 INFORMACIÓN [main] org.apache.catalina.startup.VersionLoggerListener.log Command line argument:             -Djdk.tls.ephemeralDHKeySize=2048
24-Jun-2022 10:28:44.249 INFORMACIÓN [main] org.apache.catalina.startup.VersionLoggerListener.log Command line argument:             -Djava.protocol.handler.pkgs=org.apache.catalina.webresources
24-Jun-2022 10:28:44.249 INFORMACIÓN [main] org.apache.catalina.startup.VersionLoggerListener.log Command line argument:             -Dignore.endorsed.dirs=
24-Jun-2022 10:28:44.250 INFORMACIÓN [main] org.apache.catalina.startup.VersionLoggerListener.log Command line argument:             -Dcatalina.base=C:\xampp\htdocs\ejemplos.com\JAVA\Tomcats\apache-tomcat-9.0.64
24-Jun-2022 10:28:44.252 INFORMACIÓN [main] org.apache.catalina.startup.VersionLoggerListener.log Command line argument:             -Dcatalina.home=C:\xampp\htdocs\ejemplos.com\JAVA\Tomcats\apache-tomcat-9.0.64
24-Jun-2022 10:28:44.252 INFORMACIÓN [main] org.apache.catalina.startup.VersionLoggerListener.log Command line argument:             -Djava.io.tmpdir=C:\xampp\htdocs\ejemplos.com\JAVA\Tomcats\apache-tomcat-9.0.64\temp
24-Jun-2022 10:28:44.266 INFORMACIÓN [main] org.apache.catalina.core.AprLifecycleListener.lifecycleEvent La biblioteca nativa de Apache Tomcat basada en ARP que permite un rendimiento óptimo en entornos de desarrollo no ha sido hallada en java.library.path: [C:\Program Files\Java\jdk1.8.0_111\bin;C:\WINDOWS\Sun\Java\bin;C:\WINDOWS\system32;C:\WINDOWS;C:\Program Files (x86)\Common Files\Oracle\Java\javapath;C:\WINDOWS\system32;C:\WINDOWS;C:\WINDOWS\System32\Wbem;C:\WINDOWS\System32\WindowsPowerShell\v1.0\;C:\ProgramData\Oracle\Java\javapath;C:\WINDOWS\System32\OpenSSH\;C:\Program Files\PuTTY\;C:\Users\Administrator\AppData\Roaming\nvm;C:\Program Files\nodejs;C:\Archivos de programa\nodejs\;C:\Program Files\Java\jdk1.8.0_111\bin;C:\xampp\tomcat;C:\Users\manana\AppData\Local\Microsoft\WindowsApps;C:\Users\manana\AppData\Local\Programs\Microsoft VS Code\bin;C:\Users\manana\AppData\Local\Programs\Git\cmd;.]
24-Jun-2022 10:28:44.678 INFORMACIÓN [main] org.apache.coyote.AbstractProtocol.init Inicializando el manejador de protocolo ["http-nio-8080"]

24-Jun-2022 10:28:44.710 INFORMACIÓN [main] org.apache.catalina.startup.Catalina.load Server initialization in [681] milliseconds
24-Jun-2022 10:28:44.740 INFORMACIÓN [main] org.apache.catalina.core.StandardService.startInternal Arrancando servicio [Catalina]
24-Jun-2022 10:28:44.740 INFORMACIÓN [main] org.apache.catalina.core.StandardEngine.startInternal Starting Servlet engine: [Apache Tomcat/9.0.64]
24-Jun-2022 10:28:44.751 INFORMACIÓN [main] org.apache.catalina.startup.HostConfig.deployDirectory Desplegando el directorio [C:\xampp\htdocs\ejemplos.com\JAVA\Tomcats\apache-tomcat-9.0.64\webapps\docs] de la aplicación web
24-Jun-2022 10:28:45.244 INFORMACIÓN [main] org.apache.jasper.servlet.TldScanner.scanJars Al menos un JAR, que se ha explorado buscando TLDs, aún no contenía TLDs. Activar historial de depuración para este historiador para una completa lista de los JARs que fueron explorados y de los que nos se halló TLDs. Saltarse JARs no necesarios durante la exploración puede dar lugar a una mejora de tiempo significativa en el arranque y compilación de JSP .
24-Jun-2022 10:28:45.387 INFORMACIÓN [main] org.apache.catalina.startup.HostConfig.deployDirectory Deployment of web application directory [C:\xampp\htdocs\ejemplos.com\JAVA\Tomcats\apache-tomcat-9.0.64\webapps\docs] has finished in [635] ms
24-Jun-2022 10:28:45.387 INFORMACIÓN [main] org.apache.catalina.startup.HostConfig.deployDirectory Desplegando el directorio [C:\xampp\htdocs\ejemplos.com\JAVA\Tomcats\apache-tomcat-9.0.64\webapps\examples] de la aplicación web
24-Jun-2022 10:28:45.875 INFORMACIÓN [main] org.apache.jasper.servlet.TldScanner.scanJars Al menos un JAR, que se ha explorado buscando TLDs, aún no contenía TLDs. Activar historial de depuración para este historiador para una completa lista de los JARs que fueron explorados y de los que nos se halló TLDs. Saltarse JARs no necesarios durante la exploración puede dar lugar a una mejora de tiempo significativa en el arranque y compilación de JSP .
24-Jun-2022 10:28:45.944 INFORMACIÓN [main] org.apache.catalina.startup.HostConfig.deployDirectory Deployment of web application directory [C:\xampp\htdocs\ejemplos.com\JAVA\Tomcats\apache-tomcat-9.0.64\webapps\examples] has finished in [556] ms
24-Jun-2022 10:28:45.944 INFORMACIÓN [main] org.apache.catalina.startup.HostConfig.deployDirectory Desplegando el directorio [C:\xampp\htdocs\ejemplos.com\JAVA\Tomcats\apache-tomcat-9.0.64\webapps\host-manager] de la aplicación web
24-Jun-2022 10:28:46.135 INFORMACIÓN [main] org.apache.jasper.servlet.TldScanner.scanJars Al menos un JAR, que se ha explorado buscando TLDs, aún no contenía TLDs. Activar historial de depuración para este historiador para una completa lista de los JARs que fueron explorados y de los que nos se halló TLDs. Saltarse JARs no necesarios durante la exploración puede dar lugar a una mejora de tiempo significativa en el arranque y compilación de JSP .
24-Jun-2022 10:28:46.143 INFORMACIÓN [main] org.apache.catalina.startup.HostConfig.deployDirectory Deployment of web application directory [C:\xampp\htdocs\ejemplos.com\JAVA\Tomcats\apache-tomcat-9.0.64\webapps\host-manager] has finished in [199] ms
24-Jun-2022 10:28:46.144 INFORMACIÓN [main] org.apache.catalina.startup.HostConfig.deployDirectory Desplegando el directorio [C:\xampp\htdocs\ejemplos.com\JAVA\Tomcats\apache-tomcat-9.0.64\webapps\laboratorio] de la aplicación web
24-Jun-2022 10:28:46.345 INFORMACIÓN [main] org.apache.jasper.servlet.TldScanner.scanJars Al menos un JAR, que se ha explorado buscando TLDs, aún no contenía TLDs. Activar historial de depuración para este historiador para una completa lista de los JARs que fueron explorados y de los que nos se halló TLDs. Saltarse JARs no necesarios durante la exploración puede dar lugar a una mejora de tiempo significativa en el arranque y compilación de JSP .
24-Jun-2022 10:28:46.347 INFORMACIÓN [main] org.apache.catalina.startup.HostConfig.deployDirectory Deployment of web application directory [C:\xampp\htdocs\ejemplos.com\JAVA\Tomcats\apache-tomcat-9.0.64\webapps\laboratorio] has finished in [203] ms
24-Jun-2022 10:28:46.348 INFORMACIÓN [main] org.apache.catalina.startup.HostConfig.deployDirectory Desplegando el directorio [C:\xampp\htdocs\ejemplos.com\JAVA\Tomcats\apache-tomcat-9.0.64\webapps\manager] de la aplicación web
24-Jun-2022 10:28:46.506 INFORMACIÓN [main] org.apache.jasper.servlet.TldScanner.scanJars Al menos un JAR, que se ha explorado buscando TLDs, aún no contenía TLDs. Activar historial de depuración para este historiador para una completa lista de los JARs que fueron explorados y de los que nos se halló TLDs. Saltarse JARs no necesarios durante la exploración puede dar lugar a una mejora de tiempo significativa en el arranque y compilación de JSP .
24-Jun-2022 10:28:46.509 INFORMACIÓN [main] org.apache.catalina.startup.HostConfig.deployDirectory Deployment of web application directory [C:\xampp\htdocs\ejemplos.com\JAVA\Tomcats\apache-tomcat-9.0.64\webapps\manager] has finished in [161] ms
24-Jun-2022 10:28:46.510 INFORMACIÓN [main] org.apache.catalina.startup.HostConfig.deployDirectory Desplegando el directorio [C:\xampp\htdocs\ejemplos.com\JAVA\Tomcats\apache-tomcat-9.0.64\webapps\ROOT] de la aplicación web
24-Jun-2022 10:28:46.662 INFORMACIÓN [main] org.apache.jasper.servlet.TldScanner.scanJars Al menos un JAR, que se ha explorado buscando TLDs, aún no contenía TLDs. Activar historial de depuración para este historiador para una completa lista de los JARs que fueron explorados y de los que nos se halló TLDs. Saltarse JARs no necesarios durante la exploración puede dar lugar a una mejora de tiempo significativa en el arranque y compilación de JSP .
24-Jun-2022 10:28:46.681 INFORMACIÓN [main] org.apache.catalina.startup.HostConfig.deployDirectory Deployment of web application directory [C:\xampp\htdocs\ejemplos.com\JAVA\Tomcats\apache-tomcat-9.0.64\webapps\ROOT] has finished in [172] ms
24-Jun-2022 10:28:46.684 INFORMACIÓN [main] org.apache.coyote.AbstractProtocol.start Starting ProtocolHandler ["http-nio-8080"]
24-Jun-2022 10:28:46.703 INFORMACIÓN [main] org.apache.catalina.startup.Catalina.start Server startup in [1992] milliseconds
24-Jun-2022 12:51:52.234 INFORMACIÓN [main] org.apache.catalina.core.StandardServer.await Se ha recibido un comando de apagado a través del puerto de apagado. Parando la instancia del Servidor.
24-Jun-2022 12:51:52.673 INFORMACIÓN [main] org.apache.coyote.AbstractProtocol.pause Pausing ProtocolHandler ["http-nio-8080"]
24-Jun-2022 12:51:53.057 INFORMACIÓN [main] org.apache.catalina.core.StandardService.stopInternal Parando servicio [Catalina]
24-Jun-2022 12:51:54.282 INFORMACIÓN [main] org.apache.coyote.AbstractProtocol.stop Stopping ProtocolHandler ["http-nio-8080"]
24-Jun-2022 12:51:54.431 INFORMACIÓN [main] org.apache.coyote.AbstractProtocol.destroy Destroying ProtocolHandler ["http-nio-8080"]
24-Jun-2022 21:07:20.414 INFORMACIÓN [main] org.apache.catalina.startup.VersionLoggerListener.log Nombre de la versión del servidor: Apache Tomcat/9.0.64
24-Jun-2022 21:07:20.420 INFORMACIÓN [main] org.apache.catalina.startup.VersionLoggerListener.log Server built:                      Jun 2 2022 19:08:46 UTC
24-Jun-2022 21:07:20.421 INFORMACIÓN [main] org.apache.catalina.startup.VersionLoggerListener.log Número de versión de servidor:     9.0.64.0
24-Jun-2022 21:07:20.421 INFORMACIÓN [main] org.apache.catalina.startup.VersionLoggerListener.log OS Name:                           Windows 10
24-Jun-2022 21:07:20.421 INFORMACIÓN [main] org.apache.catalina.startup.VersionLoggerListener.log Versión de Systema Operativo:      10.0
24-Jun-2022 21:07:20.422 INFORMACIÓN [main] org.apache.catalina.startup.VersionLoggerListener.log Arquitectura:                      amd64
24-Jun-2022 21:07:20.422 INFORMACIÓN [main] org.apache.catalina.startup.VersionLoggerListener.log Java Home:                         C:\Program Files\Java\jdk1.8.0_231\jre
24-Jun-2022 21:07:20.422 INFORMACIÓN [main] org.apache.catalina.startup.VersionLoggerListener.log JVM Version:                       1.8.0_231-b11
24-Jun-2022 21:07:20.422 INFORMACIÓN [main] org.apache.catalina.startup.VersionLoggerListener.log Vededor JVM:                       Oracle Corporation
24-Jun-2022 21:07:20.422 INFORMACIÓN [main] org.apache.catalina.startup.VersionLoggerListener.log CATALINA_BASE:                     C:\Users\Jonathan\Desktop\curso proyecto\curso-fullstack\JAVA\Tomcats\apache-tomcat-9.0.64
24-Jun-2022 21:07:20.423 INFORMACIÓN [main] org.apache.catalina.startup.VersionLoggerListener.log CATALINA_HOME:                     C:\Users\Jonathan\Desktop\curso proyecto\curso-fullstack\JAVA\Tomcats\apache-tomcat-9.0.64
24-Jun-2022 21:07:20.427 INFORMACIÓN [main] org.apache.catalina.startup.VersionLoggerListener.log Command line argument:             -Djava.util.logging.config.file=C:\Users\Jonathan\Desktop\curso proyecto\curso-fullstack\JAVA\Tomcats\apache-tomcat-9.0.64\conf\logging.properties
24-Jun-2022 21:07:20.427 INFORMACIÓN [main] org.apache.catalina.startup.VersionLoggerListener.log Command line argument:             -Djava.util.logging.manager=org.apache.juli.ClassLoaderLogManager
24-Jun-2022 21:07:20.427 INFORMACIÓN [main] org.apache.catalina.startup.VersionLoggerListener.log Command line argument:             -Djdk.tls.ephemeralDHKeySize=2048
24-Jun-2022 21:07:20.428 INFORMACIÓN [main] org.apache.catalina.startup.VersionLoggerListener.log Command line argument:             -Djava.protocol.handler.pkgs=org.apache.catalina.webresources
24-Jun-2022 21:07:20.428 INFORMACIÓN [main] org.apache.catalina.startup.VersionLoggerListener.log Command line argument:             -Dignore.endorsed.dirs=
24-Jun-2022 21:07:20.429 INFORMACIÓN [main] org.apache.catalina.startup.VersionLoggerListener.log Command line argument:             -Dcatalina.base=C:\Users\Jonathan\Desktop\curso proyecto\curso-fullstack\JAVA\Tomcats\apache-tomcat-9.0.64
24-Jun-2022 21:07:20.432 INFORMACIÓN [main] org.apache.catalina.startup.VersionLoggerListener.log Command line argument:             -Dcatalina.home=C:\Users\Jonathan\Desktop\curso proyecto\curso-fullstack\JAVA\Tomcats\apache-tomcat-9.0.64
24-Jun-2022 21:07:20.432 INFORMACIÓN [main] org.apache.catalina.startup.VersionLoggerListener.log Command line argument:             -Djava.io.tmpdir=C:\Users\Jonathan\Desktop\curso proyecto\curso-fullstack\JAVA\Tomcats\apache-tomcat-9.0.64\temp
24-Jun-2022 21:07:20.454 INFORMACIÓN [main] org.apache.catalina.core.AprLifecycleListener.lifecycleEvent La biblioteca nativa de Apache Tomcat basada en ARP que permite un rendimiento óptimo en entornos de desarrollo no ha sido hallada en java.library.path: [C:\Program Files\Java\jdk1.8.0_231\bin;C:\windows\Sun\Java\bin;C:\windows\system32;C:\windows;C:\Program Files (x86)\Common Files\Oracle\Java\javapath;C:\Program Files (x86)\Intel\Intel(R) Management Engine Components\iCLS\;C:\Program Files\Intel\Intel(R) Management Engine Components\iCLS\;C:\Windows\system32;C:\Windows;C:\Windows\System32\Wbem;C:\Windows\System32\WindowsPowerShell\v1.0\;C:\Program Files (x86)\NVIDIA Corporation\PhysX\Common;C:\Program Files (x86)\Intel\Intel(R) Management Engine Components\DAL;C:\Program Files\Intel\Intel(R) Management Engine Components\DAL;C:\Program Files (x86)\Intel\Intel(R) Management Engine Components\IPT;C:\Program Files\Intel\Intel(R) Management Engine Components\IPT;C:\WINDOWS\system32;C:\WINDOWS;C:\WINDOWS\System32\Wbem;C:\WINDOWS\System32\WindowsPowerShell\v1.0\;C:\WINDOWS\System32\OpenSSH\;C:\Program Files\Intel\WiFi\bin\;C:\Program Files\Common Files\Intel\WirelessCommon\;C:\Program Files\NVIDIA Corporation\NVIDIA NvDLISR;C:\Program Files\AutoFirma\AutoFirma;C:\Program Files\Java\jdk1.8.0_231\bin;C:\windows\system32;C:\windows;C:\windows\System32\Wbem;C:\windows\System32\WindowsPowerShell\v1.0\;C:\windows\System32\OpenSSH\;C:\Program Files\Git\cmd;C:\Program Files\Git\mingw64\bin;C:\Program Files\Git\usr\bin;C:\Users\Jonathan\AppData\Roaming\nvm;C:\Program Files\nodejs;C:\Users\Jonathan\AppData\Local\Programs\Python\Python39\Scripts\;C:\Users\Jonathan\AppData\Local\Programs\Python\Python39\;C:\Users\Jonathan\AppData\Local\Microsoft\WindowsApps;C:\Program Files\Intel\WiFi\bin\;C:\Program Files\Common Files\Intel\WirelessCommon\;C:\Users\Jonathan\AppData\Roaming\Dashlane\6.1950.0.28527\bin\Firefox_Extension\{442718d9-475e-452a-b3e1-fb1ee16b8e9f}\components;C:\Users\Jonathan\AppData\Roaming\Dashlane\6.1950.0.28527\ucrt;C:\Users\Jonathan\AppData\Roaming\Dashlane\6.1950.0.28527\bin\Qt;C:\Users\Jonathan\AppData\Roaming\Dashlane\6.1950.0.28527\bin\Ssl;D:\otros programas\VisualStudioCode\Microsoft VS Code\bin;C:\xampp\php;C:\Program Files\MongoDB\Server\4.4\bin;C:\Users\Jonathan\AppData\Roaming\npm;C:\src\sqlite-tools-win32-x86-3360000;C:\Users\Jonathan\AppData\Roaming\nvm;C:\Program Files\nodejs;.]
24-Jun-2022 21:07:20.853 INFORMACIÓN [main] org.apache.coyote.AbstractProtocol.init Inicializando el manejador de protocolo ["http-nio-8080"]

24-Jun-2022 21:07:20.883 INFORMACIÓN [main] org.apache.catalina.startup.Catalina.load Server initialization in [722] milliseconds
24-Jun-2022 21:07:20.917 INFORMACIÓN [main] org.apache.catalina.core.StandardService.startInternal Arrancando servicio [Catalina]
24-Jun-2022 21:07:20.917 INFORMACIÓN [main] org.apache.catalina.core.StandardEngine.startInternal Starting Servlet engine: [Apache Tomcat/9.0.64]
24-Jun-2022 21:07:20.930 INFORMACIÓN [main] org.apache.catalina.startup.HostConfig.deployDirectory Desplegando el directorio [C:\Users\Jonathan\Desktop\curso proyecto\curso-fullstack\JAVA\Tomcats\apache-tomcat-9.0.64\webapps\docs] de la aplicación web
24-Jun-2022 21:07:21.341 INFORMACIÓN [main] org.apache.jasper.servlet.TldScanner.scanJars Al menos un JAR, que se ha explorado buscando TLDs, aún no contenía TLDs. Activar historial de depuración para este historiador para una completa lista de los JARs que fueron explorados y de los que nos se halló TLDs. Saltarse JARs no necesarios durante la exploración puede dar lugar a una mejora de tiempo significativa en el arranque y compilación de JSP .
24-Jun-2022 21:07:21.582 ADVERTENCIA [main] org.apache.catalina.util.SessionIdGeneratorBase.createSecureRandom Creation of SecureRandom instance for session ID generation using [SHA1PRNG] took [201] milliseconds.
24-Jun-2022 21:07:21.602 INFORMACIÓN [main] org.apache.catalina.startup.HostConfig.deployDirectory Deployment of web application directory [C:\Users\Jonathan\Desktop\curso proyecto\curso-fullstack\JAVA\Tomcats\apache-tomcat-9.0.64\webapps\docs] has finished in [673] ms
24-Jun-2022 21:07:21.603 INFORMACIÓN [main] org.apache.catalina.startup.HostConfig.deployDirectory Desplegando el directorio [C:\Users\Jonathan\Desktop\curso proyecto\curso-fullstack\JAVA\Tomcats\apache-tomcat-9.0.64\webapps\examples] de la aplicación web
24-Jun-2022 21:07:21.999 INFORMACIÓN [main] org.apache.jasper.servlet.TldScanner.scanJars Al menos un JAR, que se ha explorado buscando TLDs, aún no contenía TLDs. Activar historial de depuración para este historiador para una completa lista de los JARs que fueron explorados y de los que nos se halló TLDs. Saltarse JARs no necesarios durante la exploración puede dar lugar a una mejora de tiempo significativa en el arranque y compilación de JSP .
24-Jun-2022 21:07:22.063 INFORMACIÓN [main] org.apache.catalina.startup.HostConfig.deployDirectory Deployment of web application directory [C:\Users\Jonathan\Desktop\curso proyecto\curso-fullstack\JAVA\Tomcats\apache-tomcat-9.0.64\webapps\examples] has finished in [459] ms
24-Jun-2022 21:07:22.063 INFORMACIÓN [main] org.apache.catalina.startup.HostConfig.deployDirectory Desplegando el directorio [C:\Users\Jonathan\Desktop\curso proyecto\curso-fullstack\JAVA\Tomcats\apache-tomcat-9.0.64\webapps\host-manager] de la aplicación web
24-Jun-2022 21:07:22.212 INFORMACIÓN [main] org.apache.jasper.servlet.TldScanner.scanJars Al menos un JAR, que se ha explorado buscando TLDs, aún no contenía TLDs. Activar historial de depuración para este historiador para una completa lista de los JARs que fueron explorados y de los que nos se halló TLDs. Saltarse JARs no necesarios durante la exploración puede dar lugar a una mejora de tiempo significativa en el arranque y compilación de JSP .
24-Jun-2022 21:07:22.216 INFORMACIÓN [main] org.apache.catalina.startup.HostConfig.deployDirectory Deployment of web application directory [C:\Users\Jonathan\Desktop\curso proyecto\curso-fullstack\JAVA\Tomcats\apache-tomcat-9.0.64\webapps\host-manager] has finished in [153] ms
24-Jun-2022 21:07:22.217 INFORMACIÓN [main] org.apache.catalina.startup.HostConfig.deployDirectory Desplegando el directorio [C:\Users\Jonathan\Desktop\curso proyecto\curso-fullstack\JAVA\Tomcats\apache-tomcat-9.0.64\webapps\laboratorio] de la aplicación web
24-Jun-2022 21:07:22.368 INFORMACIÓN [main] org.apache.jasper.servlet.TldScanner.scanJars Al menos un JAR, que se ha explorado buscando TLDs, aún no contenía TLDs. Activar historial de depuración para este historiador para una completa lista de los JARs que fueron explorados y de los que nos se halló TLDs. Saltarse JARs no necesarios durante la exploración puede dar lugar a una mejora de tiempo significativa en el arranque y compilación de JSP .
24-Jun-2022 21:07:22.370 INFORMACIÓN [main] org.apache.catalina.startup.HostConfig.deployDirectory Deployment of web application directory [C:\Users\Jonathan\Desktop\curso proyecto\curso-fullstack\JAVA\Tomcats\apache-tomcat-9.0.64\webapps\laboratorio] has finished in [153] ms
24-Jun-2022 21:07:22.371 INFORMACIÓN [main] org.apache.catalina.startup.HostConfig.deployDirectory Desplegando el directorio [C:\Users\Jonathan\Desktop\curso proyecto\curso-fullstack\JAVA\Tomcats\apache-tomcat-9.0.64\webapps\manager] de la aplicación web
24-Jun-2022 21:07:22.498 INFORMACIÓN [main] org.apache.jasper.servlet.TldScanner.scanJars Al menos un JAR, que se ha explorado buscando TLDs, aún no contenía TLDs. Activar historial de depuración para este historiador para una completa lista de los JARs que fueron explorados y de los que nos se halló TLDs. Saltarse JARs no necesarios durante la exploración puede dar lugar a una mejora de tiempo significativa en el arranque y compilación de JSP .
24-Jun-2022 21:07:22.501 INFORMACIÓN [main] org.apache.catalina.startup.HostConfig.deployDirectory Deployment of web application directory [C:\Users\Jonathan\Desktop\curso proyecto\curso-fullstack\JAVA\Tomcats\apache-tomcat-9.0.64\webapps\manager] has finished in [130] ms
24-Jun-2022 21:07:22.502 INFORMACIÓN [main] org.apache.catalina.startup.HostConfig.deployDirectory Desplegando el directorio [C:\Users\Jonathan\Desktop\curso proyecto\curso-fullstack\JAVA\Tomcats\apache-tomcat-9.0.64\webapps\ROOT] de la aplicación web
24-Jun-2022 21:07:22.626 INFORMACIÓN [main] org.apache.jasper.servlet.TldScanner.scanJars Al menos un JAR, que se ha explorado buscando TLDs, aún no contenía TLDs. Activar historial de depuración para este historiador para una completa lista de los JARs que fueron explorados y de los que nos se halló TLDs. Saltarse JARs no necesarios durante la exploración puede dar lugar a una mejora de tiempo significativa en el arranque y compilación de JSP .
24-Jun-2022 21:07:22.629 INFORMACIÓN [main] org.apache.catalina.startup.HostConfig.deployDirectory Deployment of web application directory [C:\Users\Jonathan\Desktop\curso proyecto\curso-fullstack\JAVA\Tomcats\apache-tomcat-9.0.64\webapps\ROOT] has finished in [127] ms
24-Jun-2022 21:07:22.633 INFORMACIÓN [main] org.apache.coyote.AbstractProtocol.start Starting ProtocolHandler ["http-nio-8080"]
24-Jun-2022 21:07:22.661 INFORMACIÓN [main] org.apache.catalina.startup.Catalina.start Server startup in [1778] milliseconds
