25-Jun-2022 14:49:37.560 INFORMACIÓN [main] org.apache.catalina.core.ApplicationContext.log ContextListener: contextInitialized()
25-Jun-2022 14:49:37.560 INFORMACIÓN [main] org.apache.catalina.core.ApplicationContext.log SessionListener: contextInitialized()
25-Jun-2022 14:49:37.560 INFORMACIÓN [main] org.apache.catalina.core.ApplicationContext.log ContextListener: attributeAdded('StockTicker', 'async.Stockticker@5be46f9d')
25-Jun-2022 19:28:20.676 INFORMACIÓN [main] org.apache.catalina.core.ApplicationContext.log ContextListener: contextInitialized()
25-Jun-2022 19:28:20.676 INFORMACIÓN [main] org.apache.catalina.core.ApplicationContext.log SessionListener: contextInitialized()
25-Jun-2022 19:28:20.677 INFORMACIÓN [main] org.apache.catalina.core.ApplicationContext.log ContextListener: attributeAdded('StockTicker', 'async.Stockticker@3f91b517')
25-Jun-2022 21:35:49.900 INFORMACIÓN [Catalina-utility-1] org.apache.catalina.core.ApplicationContext.log SessionListener: contextDestroyed()
25-Jun-2022 21:35:49.900 INFORMACIÓN [Catalina-utility-1] org.apache.catalina.core.ApplicationContext.log ContextListener: contextDestroyed()
25-Jun-2022 21:35:50.367 INFORMACIÓN [Catalina-utility-1] org.apache.catalina.core.ApplicationContext.log ContextListener: contextInitialized()
25-Jun-2022 21:35:50.367 INFORMACIÓN [Catalina-utility-1] org.apache.catalina.core.ApplicationContext.log SessionListener: contextInitialized()
25-Jun-2022 21:35:50.368 INFORMACIÓN [Catalina-utility-1] org.apache.catalina.core.ApplicationContext.log ContextListener: attributeAdded('StockTicker', 'async.Stockticker@6acfd2b1')
25-Jun-2022 21:37:35.964 INFORMACIÓN [main] org.apache.catalina.core.ApplicationContext.log SessionListener: contextDestroyed()
25-Jun-2022 21:37:35.965 INFORMACIÓN [main] org.apache.catalina.core.ApplicationContext.log ContextListener: contextDestroyed()
25-Jun-2022 21:41:17.972 INFORMACIÓN [main] org.apache.catalina.core.ApplicationContext.log ContextListener: contextInitialized()
25-Jun-2022 21:41:17.972 INFORMACIÓN [main] org.apache.catalina.core.ApplicationContext.log SessionListener: contextInitialized()
25-Jun-2022 21:41:17.973 INFORMACIÓN [main] org.apache.catalina.core.ApplicationContext.log ContextListener: attributeAdded('StockTicker', 'async.Stockticker@3f91b517')
25-Jun-2022 21:51:00.929 INFORMACIÓN [main] org.apache.catalina.core.ApplicationContext.log SessionListener: contextDestroyed()
25-Jun-2022 21:51:00.929 INFORMACIÓN [main] org.apache.catalina.core.ApplicationContext.log ContextListener: contextDestroyed()
25-Jun-2022 21:51:04.348 INFORMACIÓN [main] org.apache.catalina.core.ApplicationContext.log ContextListener: contextInitialized()
25-Jun-2022 21:51:04.348 INFORMACIÓN [main] org.apache.catalina.core.ApplicationContext.log SessionListener: contextInitialized()
25-Jun-2022 21:51:04.350 INFORMACIÓN [main] org.apache.catalina.core.ApplicationContext.log ContextListener: attributeAdded('StockTicker', 'async.Stockticker@3f91b517')
25-Jun-2022 22:07:22.042 INFORMACIÓN [main] org.apache.catalina.core.ApplicationContext.log SessionListener: contextDestroyed()
25-Jun-2022 22:07:22.043 INFORMACIÓN [main] org.apache.catalina.core.ApplicationContext.log ContextListener: contextDestroyed()
25-Jun-2022 22:07:23.902 INFORMACIÓN [main] org.apache.catalina.core.ApplicationContext.log ContextListener: contextInitialized()
25-Jun-2022 22:07:23.902 INFORMACIÓN [main] org.apache.catalina.core.ApplicationContext.log SessionListener: contextInitialized()
25-Jun-2022 22:07:23.904 INFORMACIÓN [main] org.apache.catalina.core.ApplicationContext.log ContextListener: attributeAdded('StockTicker', 'async.Stockticker@3f91b517')
25-Jun-2022 22:07:46.890 INFORMACIÓN [main] org.apache.catalina.core.ApplicationContext.log SessionListener: contextDestroyed()
25-Jun-2022 22:07:46.890 INFORMACIÓN [main] org.apache.catalina.core.ApplicationContext.log ContextListener: contextDestroyed()
25-Jun-2022 22:07:48.804 INFORMACIÓN [main] org.apache.catalina.core.ApplicationContext.log ContextListener: contextInitialized()
25-Jun-2022 22:07:48.804 INFORMACIÓN [main] org.apache.catalina.core.ApplicationContext.log SessionListener: contextInitialized()
25-Jun-2022 22:07:48.806 INFORMACIÓN [main] org.apache.catalina.core.ApplicationContext.log ContextListener: attributeAdded('StockTicker', 'async.Stockticker@3f91b517')
25-Jun-2022 22:09:06.292 INFORMACIÓN [main] org.apache.catalina.core.ApplicationContext.log SessionListener: contextDestroyed()
25-Jun-2022 22:09:06.292 INFORMACIÓN [main] org.apache.catalina.core.ApplicationContext.log ContextListener: contextDestroyed()
25-Jun-2022 22:09:08.312 INFORMACIÓN [main] org.apache.catalina.core.ApplicationContext.log ContextListener: contextInitialized()
25-Jun-2022 22:09:08.312 INFORMACIÓN [main] org.apache.catalina.core.ApplicationContext.log SessionListener: contextInitialized()
25-Jun-2022 22:09:08.313 INFORMACIÓN [main] org.apache.catalina.core.ApplicationContext.log ContextListener: attributeAdded('StockTicker', 'async.Stockticker@3f91b517')
25-Jun-2022 22:09:39.273 INFORMACIÓN [main] org.apache.catalina.core.ApplicationContext.log SessionListener: contextDestroyed()
25-Jun-2022 22:09:39.273 INFORMACIÓN [main] org.apache.catalina.core.ApplicationContext.log ContextListener: contextDestroyed()
25-Jun-2022 22:09:41.256 INFORMACIÓN [main] org.apache.catalina.core.ApplicationContext.log ContextListener: contextInitialized()
25-Jun-2022 22:09:41.256 INFORMACIÓN [main] org.apache.catalina.core.ApplicationContext.log SessionListener: contextInitialized()
25-Jun-2022 22:09:41.258 INFORMACIÓN [main] org.apache.catalina.core.ApplicationContext.log ContextListener: attributeAdded('StockTicker', 'async.Stockticker@3f91b517')
25-Jun-2022 23:24:37.305 INFORMACIÓN [Catalina-utility-2] org.apache.catalina.core.ApplicationContext.log SessionListener: contextDestroyed()
25-Jun-2022 23:24:37.305 INFORMACIÓN [Catalina-utility-2] org.apache.catalina.core.ApplicationContext.log ContextListener: contextDestroyed()
25-Jun-2022 23:24:37.683 INFORMACIÓN [Catalina-utility-2] org.apache.catalina.core.ApplicationContext.log ContextListener: contextInitialized()
25-Jun-2022 23:24:37.683 INFORMACIÓN [Catalina-utility-2] org.apache.catalina.core.ApplicationContext.log SessionListener: contextInitialized()
25-Jun-2022 23:24:37.685 INFORMACIÓN [Catalina-utility-2] org.apache.catalina.core.ApplicationContext.log ContextListener: attributeAdded('StockTicker', 'async.Stockticker@25fa3f78')
25-Jun-2022 23:40:35.306 INFORMACIÓN [main] org.apache.catalina.core.ApplicationContext.log SessionListener: contextDestroyed()
25-Jun-2022 23:40:35.307 INFORMACIÓN [main] org.apache.catalina.core.ApplicationContext.log ContextListener: contextDestroyed()
25-Jun-2022 23:40:37.308 INFORMACIÓN [main] org.apache.catalina.core.ApplicationContext.log ContextListener: contextInitialized()
25-Jun-2022 23:40:37.308 INFORMACIÓN [main] org.apache.catalina.core.ApplicationContext.log SessionListener: contextInitialized()
25-Jun-2022 23:40:37.310 INFORMACIÓN [main] org.apache.catalina.core.ApplicationContext.log ContextListener: attributeAdded('StockTicker', 'async.Stockticker@3f91b517')
25-Jun-2022 23:40:41.741 INFORMACIÓN [http-nio-8080-exec-4] org.apache.catalina.core.ApplicationContext.log SessionListener: sessionCreated('B55571D6F05F77CCA1C70BD6BC923389')
25-Jun-2022 23:40:41.744 INFORMACIÓN [http-nio-8080-exec-4] org.apache.catalina.core.ApplicationContext.log SessionListener: attributeAdded('B55571D6F05F77CCA1C70BD6BC923389', 'codigo', '2')
25-Jun-2022 23:40:41.744 INFORMACIÓN [http-nio-8080-exec-4] org.apache.catalina.core.ApplicationContext.log SessionListener: attributeAdded('B55571D6F05F77CCA1C70BD6BC923389', 'nombre', 'Salamanca')
25-Jun-2022 23:41:48.591 INFORMACIÓN [main] org.apache.catalina.core.ApplicationContext.log SessionListener: contextDestroyed()
25-Jun-2022 23:41:48.591 INFORMACIÓN [main] org.apache.catalina.core.ApplicationContext.log ContextListener: contextDestroyed()
25-Jun-2022 23:41:50.451 INFORMACIÓN [main] org.apache.catalina.core.ApplicationContext.log ContextListener: contextInitialized()
25-Jun-2022 23:41:50.451 INFORMACIÓN [main] org.apache.catalina.core.ApplicationContext.log SessionListener: contextInitialized()
25-Jun-2022 23:41:50.454 INFORMACIÓN [main] org.apache.catalina.core.ApplicationContext.log ContextListener: attributeAdded('StockTicker', 'async.Stockticker@3f91b517')
25-Jun-2022 23:41:59.062 INFORMACIÓN [http-nio-8080-exec-4] org.apache.catalina.core.ApplicationContext.log SessionListener: attributeReplaced('B55571D6F05F77CCA1C70BD6BC923389', 'codigo', '2')
25-Jun-2022 23:41:59.062 INFORMACIÓN [http-nio-8080-exec-4] org.apache.catalina.core.ApplicationContext.log SessionListener: attributeReplaced('B55571D6F05F77CCA1C70BD6BC923389', 'nombre', 'Salamanca')
